                :-) GROMACS - gmx mdrun, 2024.5-conda_forge (-:

Copyright 1991-2024 The GROMACS Authors.
GROMACS is free software; you can redistribute it and/or modify it
under the terms of the GNU Lesser General Public License
as published by the Free Software Foundation; either version 2.1
of the License, or (at your option) any later version.

                         Current GROMACS contributors:
       Mark Abraham           Andrey Alekseenko           Vladimir Basov      
      Cathrine Bergh            Eliane Briand               Ania Brown        
      Mahesh Doijade            Giacomo Fiorin          Stefan Fleischmann    
      Sergey Gorelov         Gilles Gouaillardet            Alan Gray         
     M. Eric Irrgang         Farzaneh Jalalypour            Joe Jordan        
     Carsten Kutzner           Justin A. Lemkul          Magnus Lundborg      
       Pascal Merz              Vedran Miletic            Dmitry Morozov      
       Julien Nabet              Szilard Pall        Andrea Pasquadibisceglie 
    Michele Pellegrino          Hubert Santuz             Roland Schulz       
     Tatiana Shugaeva          Alexey Shvetsov            Philip Turner       
     Alessandra Villa      Sebastian Wingbermuehle  

                         Previous GROMACS contributors:
        Emile Apol             Rossen Apostolov           James Barnett       
        Paul Bauer          Herman J.C. Berendsen          Par Bjelkmar       
      Christian Blau          Viacheslav Bolnykh            Kevin Boyd        
    Aldert van Buuren          Carlo Camilloni           Rudi van Drunen      
      Anton Feenstra           Oliver Fleetwood            Vytas Gapsys       
       Gaurav Garg             Gerrit Groenhof            Bert de Groot       
      Anca Hamuraru           Vincent Hindriksen          Victor Holanda      
     Aleksei Iupinov          Christoph Junghans        Prashanth Kanduri     
   Dimitrios Karkoulis           Peter Kasson             Sebastian Kehl      
     Sebastian Keller             Jiri Kraus               Per Larsson        
      Viveca Lindahl            Erik Marklund           Pieter Meulenhoff     
      Teemu Murtola              Sander Pronk             Michael Shirts      
      Alfons Sijbers            Balint Soproni         David van der Spoel    
      Peter Tieleman            Carsten Uphoff             Jon Vincent        
     Teemu Virolainen         Christian Wennberg           Maarten Wolf       
      Artem Zhmurov       

                  Coordinated by the GROMACS project leaders:
                           Berk Hess and Erik Lindahl

GROMACS:      gmx mdrun, version 2024.5-conda_forge
Executable:   /home/v/miniconda3/envs/gmx/bin.AVX2_256/gmx_mpi
Data prefix:  /home/v/miniconda3/envs/gmx
Working dir:  /mnt/d/modeling/try3/simulations/pept1+lig2_Sim
Process ID:   3030
Command line:
  gmx_mpi mdrun -deffnm pept1+lig2_nvt -v -nb gpu -pme gpu -update gpu -bonded gpu

GROMACS version:     2024.5-conda_forge
Precision:           mixed
Memory model:        64 bit
MPI library:         MPI
MPI library version: Open MPI v5.0.7, package: Open MPI conda@f424a898794e Distribution, ident: 5.0.7, repo rev: v5.0.7, Feb 14, 2025
OpenMP support:      enabled (GMX_OPENMP_MAX_THREADS = 128)
GPU support:         CUDA
NBNxM GPU setup:     super-cluster 2x2x2 / cluster 8
SIMD instructions:   AVX2_256
CPU FFT library:     fftw-3.3.10-sse2-avx
GPU FFT library:     cuFFT
Multi-GPU FFT:       none
RDTSCP usage:        disabled
TNG support:         enabled
Hwloc support:       disabled
Tracing support:     disabled
C compiler:          /home/conda/feedstock_root/build_artifacts/gromacs_1737880303912/_build_env/bin/x86_64-conda-linux-gnu-cc GNU 11.4.0
C compiler flags:    -fexcess-precision=fast -funroll-all-loops -mavx2 -mfma -Wno-missing-field-initializers -pthread -O3 -DNDEBUG
C++ compiler:        /home/conda/feedstock_root/build_artifacts/gromacs_1737880303912/_build_env/bin/x86_64-conda-linux-gnu-c++ GNU 11.4.0
C++ compiler flags:  -fexcess-precision=fast -funroll-all-loops -mavx2 -mfma -Wno-missing-field-initializers -pthread -Wno-cast-function-type-strict SHELL:-fopenmp -O3 -DNDEBUG
BLAS library:        Internal
LAPACK library:      Internal
CUDA compiler:       /usr/local/cuda/bin/nvcc nvcc: NVIDIA (R) Cuda compiler driver;Copyright (c) 2005-2022 NVIDIA Corporation;Built on Wed_Sep_21_10:33:58_PDT_2022;Cuda compilation tools, release 11.8, V11.8.89;Build cuda_11.8.r11.8/compiler.31833905_0
CUDA compiler flags:-std=c++17;--generate-code=arch=compute_35,code=sm_35;--generate-code=arch=compute_37,code=sm_37;--generate-code=arch=compute_50,code=sm_50;--generate-code=arch=compute_52,code=sm_52;--generate-code=arch=compute_60,code=sm_60;--generate-code=arch=compute_61,code=sm_61;--generate-code=arch=compute_70,code=sm_70;--generate-code=arch=compute_75,code=sm_75;--generate-code=arch=compute_80,code=sm_80;--generate-code=arch=compute_86,code=sm_86;--generate-code=arch=compute_89,code=sm_89;--generate-code=arch=compute_90,code=sm_90;-Wno-deprecated-gpu-targets;--generate-code=arch=compute_53,code=sm_53;--generate-code=arch=compute_80,code=sm_80;-use_fast_math;-Xptxas;-warn-double-usage;-Xptxas;-Werror;;-Xcompiler;-fopenmp;-fexcess-precision=fast -funroll-all-loops -mavx2 -mfma -Wno-missing-field-initializers -pthread -Wno-cast-function-type-strict SHELL:-fopenmp -O3 -DNDEBUG
CUDA driver:         12.80
CUDA runtime:        11.80


Running on 1 node with total 10 cores, 20 processing units, 1 compatible GPU
Hardware detected on host DESKTOP-SIQ9LOP (the node of MPI rank 0):
  CPU info:
    Vendor: Intel
    Brand:  13th Gen Intel(R) Core(TM) i7-13650HX
    Family: 6   Model: 183   Stepping: 1
    Features: aes apic avx avx2 clfsh cmov cx8 cx16 f16c fma htt intel lahf mmx msr nonstop_tsc pcid pclmuldq pdpe1gb popcnt pse rdrnd rdtscp sha sse2 sse3 sse4.1 sse4.2 ssse3 tdt x2apic
  Hardware topology: Basic
    Packages, cores, and logical processors:
    [indices refer to OS logical processors]
      Package  0: [   0   1] [   2   3] [   4   5] [   6   7] [   8   9] [  10  11] [  12  13] [  14  15] [  16  17] [  18  19]
    CPU limit set by OS: -1   Recommended max number of threads: 20
  GPU info:
    Number of GPUs detected: 1
    #0: NVIDIA NVIDIA GeForce RTX 4060 Laptop GPU, compute cap.: 8.9, ECC:  no, stat: compatible

The current CPU can measure timings more accurately than the code in
gmx mdrun was configured to use. This might affect your simulation
speed as accurate timings are needed for load-balancing.
Please consider rebuilding gmx mdrun with the GMX_USE_RDTSCP=ON CMake option.

++++ PLEASE READ AND CITE THE FOLLOWING REFERENCE ++++
M. J. Abraham, T. Murtola, R. Schulz, S. Páll, J. C. Smith, B. Hess, E.
Lindahl
GROMACS: High performance molecular simulations through multi-level
parallelism from laptops to supercomputers
SoftwareX 1 (2015) pp. 19-25
-------- -------- --- Thank You --- -------- --------


++++ PLEASE READ AND CITE THE FOLLOWING REFERENCE ++++
S. Páll, M. J. Abraham, C. Kutzner, B. Hess, E. Lindahl
Tackling Exascale Software Challenges in Molecular Dynamics Simulations with
GROMACS
In S. Markidis & E. Laure (Eds.), Solving Software Challenges for Exascale 8759 (2015) pp. 3-27
-------- -------- --- Thank You --- -------- --------


++++ PLEASE READ AND CITE THE FOLLOWING REFERENCE ++++
S. Pronk, S. Páll, R. Schulz, P. Larsson, P. Bjelkmar, R. Apostolov, M. R.
Shirts, J. C. Smith, P. M. Kasson, D. van der Spoel, B. Hess, and E. Lindahl
GROMACS 4.5: a high-throughput and highly parallel open source molecular
simulation toolkit
Bioinformatics 29 (2013) pp. 845-54
-------- -------- --- Thank You --- -------- --------


++++ PLEASE READ AND CITE THE FOLLOWING REFERENCE ++++
B. Hess and C. Kutzner and D. van der Spoel and E. Lindahl
GROMACS 4: Algorithms for highly efficient, load-balanced, and scalable
molecular simulation
J. Chem. Theory Comput. 4 (2008) pp. 435-447
-------- -------- --- Thank You --- -------- --------


++++ PLEASE READ AND CITE THE FOLLOWING REFERENCE ++++
D. van der Spoel, E. Lindahl, B. Hess, G. Groenhof, A. E. Mark and H. J. C.
Berendsen
GROMACS: Fast, Flexible and Free
J. Comp. Chem. 26 (2005) pp. 1701-1719
-------- -------- --- Thank You --- -------- --------


++++ PLEASE READ AND CITE THE FOLLOWING REFERENCE ++++
E. Lindahl and B. Hess and D. van der Spoel
GROMACS 3.0: A package for molecular simulation and trajectory analysis
J. Mol. Mod. 7 (2001) pp. 306-317
-------- -------- --- Thank You --- -------- --------


++++ PLEASE READ AND CITE THE FOLLOWING REFERENCE ++++
H. J. C. Berendsen, D. van der Spoel and R. van Drunen
GROMACS: A message-passing parallel molecular dynamics implementation
Comp. Phys. Comm. 91 (1995) pp. 43-56
-------- -------- --- Thank You --- -------- --------

Input Parameters:
   integrator                     = md
   tinit                          = 0
   dt                             = 0.002
   nsteps                         = 50000
   init-step                      = 0
   simulation-part                = 1
   mts                            = false
   mass-repartition-factor        = 1
   comm-mode                      = Linear
   nstcomm                        = 100
   bd-fric                        = 0
   ld-seed                        = -11016839
   emtol                          = 10
   emstep                         = 0.01
   niter                          = 20
   fcstep                         = 0
   nstcgsteep                     = 1000
   nbfgscorr                      = 10
   rtpi                           = 0.05
   nstxout                        = 0
   nstvout                        = 0
   nstfout                        = 0
   nstlog                         = 5000
   nstcalcenergy                  = 100
   nstenergy                      = 5000
   nstxout-compressed             = 5000
   compressed-x-precision         = 1000
   cutoff-scheme                  = Verlet
   nstlist                        = 20
   pbc                            = xyz
   periodic-molecules             = false
   verlet-buffer-tolerance        = 0.005
   verlet-buffer-pressure-tolerance = 0.5
   rlist                          = 1.225
   coulombtype                    = PME
   coulomb-modifier               = Potential-shift
   rcoulomb-switch                = 0
   rcoulomb                       = 1.2
   epsilon-r                      = 1
   epsilon-rf                     = inf
   vdw-type                       = Cut-off
   vdw-modifier                   = Potential-shift
   rvdw-switch                    = 0
   rvdw                           = 1.2
   DispCorr                       = EnerPres
   table-extension                = 1
   fourierspacing                 = 0.16
   fourier-nx                     = 60
   fourier-ny                     = 60
   fourier-nz                     = 60
   pme-order                      = 4
   ewald-rtol                     = 1e-05
   ewald-rtol-lj                  = 0.001
   lj-pme-comb-rule               = Geometric
   ewald-geometry                 = 3d
   epsilon-surface                = 0
   ensemble-temperature-setting   = constant
   ensemble-temperature           = 300
   tcoupl                         = V-rescale
   nsttcouple                     = 10
   nh-chain-length                = 0
   print-nose-hoover-chain-variables = false
   pcoupl                         = No
   refcoord-scaling               = No
   posres-com (3):
      posres-com[0]= 0.00000e+00
      posres-com[1]= 0.00000e+00
      posres-com[2]= 0.00000e+00
   posres-comB (3):
      posres-comB[0]= 0.00000e+00
      posres-comB[1]= 0.00000e+00
      posres-comB[2]= 0.00000e+00
   QMMM                           = false
qm-opts:
   ngQM                           = 0
   constraint-algorithm           = Lincs
   continuation                   = false
   Shake-SOR                      = false
   shake-tol                      = 0.0001
   lincs-order                    = 4
   lincs-iter                     = 1
   lincs-warnangle                = 30
   nwall                          = 0
   wall-type                      = 9-3
   wall-r-linpot                  = -1
   wall-atomtype[0]               = -1
   wall-atomtype[1]               = -1
   wall-density[0]                = 0
   wall-density[1]                = 0
   wall-ewald-zfac                = 3
   pull                           = false
   awh                            = false
   rotation                       = false
   interactiveMD                  = false
   disre                          = No
   disre-weighting                = Conservative
   disre-mixed                    = false
   dr-fc                          = 1000
   dr-tau                         = 0
   nstdisreout                    = 100
   orire-fc                       = 0
   orire-tau                      = 0
   nstorireout                    = 100
   free-energy                    = no
   cos-acceleration               = 0
   deform (3x3):
      deform[    0]={ 0.00000e+00,  0.00000e+00,  0.00000e+00}
      deform[    1]={ 0.00000e+00,  0.00000e+00,  0.00000e+00}
      deform[    2]={ 0.00000e+00,  0.00000e+00,  0.00000e+00}
   simulated-tempering            = false
   swapcoords                     = no
   userint1                       = 0
   userint2                       = 0
   userint3                       = 0
   userint4                       = 0
   userreal1                      = 0
   userreal2                      = 0
   userreal3                      = 0
   userreal4                      = 0
   applied-forces:
     electric-field:
       x:
         E0                       = 0
         omega                    = 0
         t0                       = 0
         sigma                    = 0
       y:
         E0                       = 0
         omega                    = 0
         t0                       = 0
         sigma                    = 0
       z:
         E0                       = 0
         omega                    = 0
         t0                       = 0
         sigma                    = 0
     density-guided-simulation:
       active                     = false
       group                      = protein
       similarity-measure         = inner-product
       atom-spreading-weight      = unity
       force-constant             = 1e+09
       gaussian-transform-spreading-width = 0.2
       gaussian-transform-spreading-range-in-multiples-of-width = 4
       reference-density-filename = reference.mrc
       nst                        = 1
       normalize-densities        = true
       adaptive-force-scaling     = false
       adaptive-force-scaling-time-constant = 4
       shift-vector               = 
       transformation-matrix      = 
     qmmm-cp2k:
       active                     = false
       qmgroup                    = System
       qmmethod                   = PBE
       qmfilenames                = 
       qmcharge                   = 0
       qmmultiplicity             = 1
     colvars:
       active                     = false
       configfile                 = 
       seed                       = -1
grpopts:
   nrdf:     639.987      142575
   ref-t:         300         300
   tau-t:         0.1         0.1
annealing:          No          No
annealing-npoints:           0           0
   acc:	           0           0           0
   nfreeze:           N           N           N
   energygrp-flags[  0]: 0

Changing nstlist from 20 to 100, rlist from 1.225 to 1.349


Update groups can not be used for this system because atoms that are (in)directly constrained together are interdispersed with other atoms

1 GPU selected for this run.
Mapping of GPU IDs to the 2 GPU tasks in the 1 rank on this node:
  PP:0,PME:0
PP tasks will do (non-perturbed) short-ranged and most bonded interactions on the GPU
PP task will update and constrain coordinates on the GPU
PME tasks will do all aspects on the GPU
Using 1 MPI process
Using 10 OpenMP threads 

System total charge: 0.000
Will do PME sum in reciprocal space for electrostatic interactions.

++++ PLEASE READ AND CITE THE FOLLOWING REFERENCE ++++
U. Essmann, L. Perera, M. L. Berkowitz, T. Darden, H. Lee and L. G. Pedersen 
A smooth particle mesh Ewald method
J. Chem. Phys. 103 (1995) pp. 8577-8592
-------- -------- --- Thank You --- -------- --------

Using a Gaussian width (1/beta) of 0.384195 nm for Ewald
Potential shift: LJ r^-12: -1.122e-01 r^-6: -3.349e-01, Ewald -8.333e-06
Initialized non-bonded Coulomb Ewald tables, spacing: 1.02e-03 size: 1176

Generated table with 1174 data points for 1-4 COUL.
Tabscale = 500 points/nm
Generated table with 1174 data points for 1-4 LJ6.
Tabscale = 500 points/nm
Generated table with 1174 data points for 1-4 LJ12.
Tabscale = 500 points/nm
Long Range LJ corr.: <C6> 2.7982e-04


Using GPU 8x8 nonbonded short-range kernels

Using a dual 8x8 pair-list setup updated with dynamic, rolling pruning:
  outer list: updated every 100 steps, buffer 0.149 nm, rlist 1.349 nm
  inner list: updated every  12 steps, buffer 0.005 nm, rlist 1.205 nm
At tolerance 0.005 kJ/mol/ps per atom, equivalent classical 1x1 list would be:
  outer list: updated every 100 steps, buffer 0.301 nm, rlist 1.501 nm
  inner list: updated every  12 steps, buffer 0.054 nm, rlist 1.254 nm

The average pressure is off by at most 0.22 bar due to missing LJ interactions

Using Lorentz-Berthelot Lennard-Jones combination rule
Removing pbc first time

Pinning threads with an auto-selected logical cpu stride of 2

Initializing LINear Constraint Solver

++++ PLEASE READ AND CITE THE FOLLOWING REFERENCE ++++
B. Hess and H. Bekker and H. J. C. Berendsen and J. G. E. M. Fraaije
LINCS: A Linear Constraint Solver for molecular simulations
J. Comp. Chem. 18 (1997) pp. 1463-1472
-------- -------- --- Thank You --- -------- --------

The number of constraints is 125

++++ PLEASE READ AND CITE THE FOLLOWING REFERENCE ++++
S. Miyamoto and P. A. Kollman
SETTLE: An Analytical Version of the SHAKE and RATTLE Algorithms for Rigid
Water Models
J. Comp. Chem. 13 (1992) pp. 952-962
-------- -------- --- Thank You --- -------- --------


++++ PLEASE READ AND CITE THE FOLLOWING REFERENCE ++++
G. Bussi, D. Donadio and M. Parrinello
Canonical sampling through velocity rescaling
J. Chem. Phys. 126 (2007) pp. 014101
-------- -------- --- Thank You --- -------- --------

There are: 71477 Atoms

Updating coordinates and applying constraints on the GPU.

Constraining the starting coordinates (step 0)

Constraining the coordinates at t0-dt (step 0)
Center of mass motion removal mode is Linear
We have the following groups for center of mass motion removal:
  0:  rest
RMS relative constraint deviation after constraining: 3.15e-06
Initial temperature: 299.9 K

Started mdrun on rank 0 Wed Apr  9 17:26:24 2025

           Step           Time
              0        0.00000

   Energies (kJ/mol)
           Bond          Angle    Proper Dih. Per. Imp. Dih.          LJ-14
    2.00494e+03    3.23077e+03    1.43503e+03    5.92639e+01    2.40720e+02
     Coulomb-14        LJ (SR)  Disper. corr.   Coulomb (SR)   Coul. recip.
    5.43601e+02    1.63706e+05   -4.74743e+03   -1.34112e+06    4.11239e+03
 Position Rest.      Potential    Kinetic En.   Total Energy  Conserved En.
    2.52021e-04   -1.17053e+06    1.78583e+05   -9.91950e+05   -9.91950e+05
    Temperature Pres. DC (bar) Pressure (bar)   Constr. rmsd
    2.99950e+02   -1.08151e+02   -5.02889e+03    3.14958e-06

step 4600: timed with pme grid 60 60 60, coulomb cutoff 1.200: 300.0 M-cycles
step 4800: timed with pme grid 52 52 52, coulomb cutoff 1.298: 363.0 M-cycles
step 5000: timed with pme grid 56 56 56, coulomb cutoff 1.206: 301.8 M-cycles
           Step           Time
           5000       10.00000

   Energies (kJ/mol)
           Bond          Angle    Proper Dih. Per. Imp. Dih.          LJ-14
    3.29660e+02    7.59612e+02    9.20357e+02    3.63786e+01    1.85295e+02
     Coulomb-14        LJ (SR)  Disper. corr.   Coulomb (SR)   Coul. recip.
    1.05357e+03    1.50232e+05   -4.74743e+03   -1.15684e+06    3.42441e+03
 Position Rest.      Potential    Kinetic En.   Total Energy  Conserved En.
    9.48389e+02   -1.00370e+06    1.77454e+05   -8.26248e+05   -9.90667e+05
    Temperature Pres. DC (bar) Pressure (bar)   Constr. rmsd
    2.98053e+02   -1.08151e+02   -1.14778e+02    3.14958e-06

step 5200: timed with pme grid 60 60 60, coulomb cutoff 1.200: 305.2 M-cycles
              optimal pme grid 60 60 60, coulomb cutoff 1.200
           Step           Time
          10000       20.00000

   Energies (kJ/mol)
           Bond          Angle    Proper Dih. Per. Imp. Dih.          LJ-14
    3.22446e+02    8.23290e+02    9.35701e+02    3.10559e+01    2.15255e+02
     Coulomb-14        LJ (SR)  Disper. corr.   Coulomb (SR)   Coul. recip.
    1.04827e+03    1.51190e+05   -4.74743e+03   -1.15897e+06    3.37588e+03
 Position Rest.      Potential    Kinetic En.   Total Energy  Conserved En.
    1.01464e+03   -1.00476e+06    1.79715e+05   -8.25044e+05   -9.90650e+05
    Temperature Pres. DC (bar) Pressure (bar)   Constr. rmsd
    3.01850e+02   -1.08151e+02   -2.64494e+01    3.14958e-06

           Step           Time
          15000       30.00000

   Energies (kJ/mol)
           Bond          Angle    Proper Dih. Per. Imp. Dih.          LJ-14
    3.62771e+02    7.82632e+02    9.87821e+02    3.27856e+01    1.86614e+02
     Coulomb-14        LJ (SR)  Disper. corr.   Coulomb (SR)   Coul. recip.
    1.07247e+03    1.50862e+05   -4.74743e+03   -1.15999e+06    3.28187e+03
 Position Rest.      Potential    Kinetic En.   Total Energy  Conserved En.
    9.77707e+02   -1.00619e+06    1.79372e+05   -8.26821e+05   -9.90615e+05
    Temperature Pres. DC (bar) Pressure (bar)   Constr. rmsd
    3.01274e+02   -1.08151e+02   -1.48087e+02    3.14958e-06

           Step           Time
          20000       40.00000

   Energies (kJ/mol)
           Bond          Angle    Proper Dih. Per. Imp. Dih.          LJ-14
    2.85547e+02    8.24444e+02    9.59694e+02    4.05834e+01    1.94138e+02
     Coulomb-14        LJ (SR)  Disper. corr.   Coulomb (SR)   Coul. recip.
    1.09691e+03    1.50184e+05   -4.74743e+03   -1.15767e+06    3.41650e+03
 Position Rest.      Potential    Kinetic En.   Total Energy  Conserved En.
    1.03794e+03   -1.00438e+06    1.78286e+05   -8.26091e+05   -9.90597e+05
    Temperature Pres. DC (bar) Pressure (bar)   Constr. rmsd
    2.99450e+02   -1.08151e+02   -1.98399e+02    3.14958e-06

           Step           Time
          25000       50.00000

   Energies (kJ/mol)
           Bond          Angle    Proper Dih. Per. Imp. Dih.          LJ-14
    3.04030e+02    7.81069e+02    9.64228e+02    4.51699e+01    1.82318e+02
     Coulomb-14        LJ (SR)  Disper. corr.   Coulomb (SR)   Coul. recip.
    1.11662e+03    1.49508e+05   -4.74743e+03   -1.15756e+06    3.39934e+03
 Position Rest.      Potential    Kinetic En.   Total Energy  Conserved En.
    1.00217e+03   -1.00501e+06    1.78532e+05   -8.26475e+05   -9.90570e+05
    Temperature Pres. DC (bar) Pressure (bar)   Constr. rmsd
    2.99863e+02   -1.08151e+02   -2.00346e+02    3.14958e-06

           Step           Time
          30000       60.00000

   Energies (kJ/mol)
           Bond          Angle    Proper Dih. Per. Imp. Dih.          LJ-14
    3.86219e+02    8.46507e+02    9.49459e+02    4.38788e+01    1.83779e+02
     Coulomb-14        LJ (SR)  Disper. corr.   Coulomb (SR)   Coul. recip.
    1.07707e+03    1.47697e+05   -4.74743e+03   -1.15379e+06    3.35112e+03
 Position Rest.      Potential    Kinetic En.   Total Energy  Conserved En.
    9.48146e+02   -1.00306e+06    1.79901e+05   -8.23155e+05   -9.90569e+05
    Temperature Pres. DC (bar) Pressure (bar)   Constr. rmsd
    3.02163e+02   -1.08151e+02   -2.94117e+02    3.14958e-06

           Step           Time
          35000       70.00000

   Energies (kJ/mol)
           Bond          Angle    Proper Dih. Per. Imp. Dih.          LJ-14
    3.09924e+02    8.24509e+02    9.58681e+02    4.37299e+01    1.89163e+02
     Coulomb-14        LJ (SR)  Disper. corr.   Coulomb (SR)   Coul. recip.
    1.12052e+03    1.49194e+05   -4.74743e+03   -1.15695e+06    3.42199e+03
 Position Rest.      Potential    Kinetic En.   Total Energy  Conserved En.
    9.62674e+02   -1.00467e+06    1.77636e+05   -8.27037e+05   -9.90524e+05
    Temperature Pres. DC (bar) Pressure (bar)   Constr. rmsd
    2.98359e+02   -1.08151e+02   -2.42510e+02    3.14958e-06

           Step           Time
          40000       80.00000

   Energies (kJ/mol)
           Bond          Angle    Proper Dih. Per. Imp. Dih.          LJ-14
    3.41223e+02    7.34819e+02    9.66641e+02    3.42759e+01    1.81205e+02
     Coulomb-14        LJ (SR)  Disper. corr.   Coulomb (SR)   Coul. recip.
    1.07723e+03    1.49232e+05   -4.74743e+03   -1.15607e+06    3.51505e+03
 Position Rest.      Potential    Kinetic En.   Total Energy  Conserved En.
    9.92465e+02   -1.00375e+06    1.78945e+05   -8.24801e+05   -9.90499e+05
    Temperature Pres. DC (bar) Pressure (bar)   Constr. rmsd
    3.00557e+02   -1.08151e+02   -1.36622e+02    3.14958e-06

           Step           Time
          45000       90.00000

   Energies (kJ/mol)
           Bond          Angle    Proper Dih. Per. Imp. Dih.          LJ-14
    3.15037e+02    7.89682e+02    9.34072e+02    4.94076e+01    1.75251e+02
     Coulomb-14        LJ (SR)  Disper. corr.   Coulomb (SR)   Coul. recip.
    1.08383e+03    1.48492e+05   -4.74743e+03   -1.15496e+06    3.38797e+03
 Position Rest.      Potential    Kinetic En.   Total Energy  Conserved En.
    9.96806e+02   -1.00348e+06    1.78493e+05   -8.24987e+05   -9.90491e+05
    Temperature Pres. DC (bar) Pressure (bar)   Constr. rmsd
    2.99797e+02   -1.08151e+02   -2.67631e+02    3.14958e-06

           Step           Time
          50000      100.00000

Writing checkpoint, step 50000 at Wed Apr  9 17:27:19 2025


   Energies (kJ/mol)
           Bond          Angle    Proper Dih. Per. Imp. Dih.          LJ-14
    3.44438e+02    8.64929e+02    9.37397e+02    2.71025e+01    1.88650e+02
     Coulomb-14        LJ (SR)  Disper. corr.   Coulomb (SR)   Coul. recip.
    1.08324e+03    1.49542e+05   -4.74743e+03   -1.15545e+06    3.38903e+03
 Position Rest.      Potential    Kinetic En.   Total Energy  Conserved En.
    9.94109e+02   -1.00283e+06    1.78939e+05   -8.23889e+05   -9.90476e+05
    Temperature Pres. DC (bar) Pressure (bar)   Constr. rmsd
    3.00547e+02   -1.08151e+02   -1.42305e+02    3.14958e-06


Energy conservation over simulation part #1 of length 100 ps, time 0 to 100 ps
  Conserved energy drift: 2.06e-04 kJ/mol/ps per atom


	<======  ###############  ==>
	<====  A V E R A G E S  ====>
	<==  ###############  ======>

	Statistics over 50001 steps using 501 frames

   Energies (kJ/mol)
           Bond          Angle    Proper Dih. Per. Imp. Dih.          LJ-14
    3.47707e+02    8.17586e+02    9.59386e+02    3.96691e+01    1.90156e+02
     Coulomb-14        LJ (SR)  Disper. corr.   Coulomb (SR)   Coul. recip.
    1.07369e+03    1.49981e+05   -4.74743e+03   -1.15770e+06    3.36865e+03
 Position Rest.      Potential    Kinetic En.   Total Energy  Conserved En.
    9.83301e+02   -1.00468e+06    1.78442e+05   -8.26241e+05   -9.90578e+05
    Temperature Pres. DC (bar) Pressure (bar)   Constr. rmsd
    2.99712e+02   -1.08151e+02   -1.64413e+02    0.00000e+00

   Total Virial (kJ/mol)
    6.30295e+04   -5.12000e+02   -9.53780e+02
   -5.11994e+02    6.30829e+04    8.05806e+02
   -9.53764e+02    8.05822e+02    6.31629e+04

   Pressure (bar)
   -1.60714e+02    2.29566e+01    4.29737e+01
    2.29564e+01   -1.63756e+02   -3.59736e+01
    4.29729e+01   -3.59742e+01   -1.68769e+02

T-Protein_Ligand      T-SOL_Ion
    2.98889e+02    2.99716e+02


	M E G A - F L O P S   A C C O U N T I N G

 NB=Group-cutoff nonbonded kernels    NxN=N-by-N cluster Verlet kernels
 RF=Reaction-Field  VdW=Van der Waals  QSTab=quadratic-spline table
 W3=SPC/TIP3p  W4=TIP4p (single or pairs)
 V&F=Potential and force  V=Potential only  F=Force only

 Computing:                               M-Number         M-Flops  % Flops
-----------------------------------------------------------------------------
 Pair Search distance check            4407.613952       39668.526     0.0
 NxN Ewald Elec. + LJ [F]           4510570.534272   297697655.262    98.4
 NxN Ewald Elec. + LJ [V&F]           45652.397824     4884806.567     1.6
 Shift-X                                 35.809977         214.860     0.0
 Pos. Restr.                              6.500130         325.006     0.0
 Virial                                  35.832522         644.985     0.0
 Stop-CM                                 35.881454         358.815     0.0
 Calc-Ekin                              714.912954       19302.650     0.0
 Lincs                                    0.000250           0.015     0.0
 Lincs-Mat                                0.001296           0.005     0.0
 Constraint-V                             0.071338           0.642     0.0
 Settle                                   0.047392          17.535     0.0
-----------------------------------------------------------------------------
 Total                                               302642994.868   100.0
-----------------------------------------------------------------------------


      R E A L   C Y C L E   A N D   T I M E   A C C O U N T I N G

On 1 MPI rank, each using 10 OpenMP threads

 Activity:              Num   Num      Call    Wall time         Giga-Cycles
                        Ranks Threads  Count      (s)         total sum    %
--------------------------------------------------------------------------------
 Neighbor search           1   10        501       2.164         60.658   3.9
 Launch PP GPU ops.        1   10      99501       4.411        123.626   8.0
 Force                     1   10      50001       1.956         54.829   3.5
 PME GPU mesh              1   10      50001       3.528         98.878   6.4
 Wait Bonded GPU           1   10        501       0.020          0.565   0.0
 Wait GPU NB local         1   10      50001       0.873         24.462   1.6
 Wait GPU state copy       1   10      62003      39.835       1116.391  72.1
 NB X/F buffer ops.        1   10        501       0.028          0.773   0.0
 Write traj.               1   10         11       0.357         10.015   0.6
 Constraints               1   10          2       0.000          0.004   0.0
 Rest                                              2.057         57.656   3.7
--------------------------------------------------------------------------------
 Total                                            55.231       1547.856 100.0
--------------------------------------------------------------------------------
 Breakdown of PME mesh activities
--------------------------------------------------------------------------------
 Wait PME GPU gather       1   10      50001       0.174          4.876   0.3
 Reduce GPU PME F          1   10      50001       0.020          0.560   0.0
 Launch PME GPU ops.       1   10     400013       3.231         90.562   5.9
--------------------------------------------------------------------------------

               Core t (s)   Wall t (s)        (%)
       Time:      552.279       55.231      999.9
                 (ns/day)    (hour/ns)
Performance:      156.437        0.153
Finished mdrun on rank 0 Wed Apr  9 17:27:19 2025

