                :-) GROMACS - gmx mdrun, 2024.5-conda_forge (-:

Copyright 1991-2024 The GROMACS Authors.
GROMACS is free software; you can redistribute it and/or modify it
under the terms of the GNU Lesser General Public License
as published by the Free Software Foundation; either version 2.1
of the License, or (at your option) any later version.

                         Current GROMACS contributors:
       Mark Abraham           Andrey Alekseenko           Vladimir Basov      
      Cathrine Bergh            Eliane Briand               Ania Brown        
      Mahesh Doijade            Giacomo Fiorin          Stefan Fleischmann    
      Sergey Gorelov         Gilles Gouaillardet            Alan Gray         
     M. Eric Irrgang         Farzaneh Jalalypour            Joe Jordan        
     Carsten Kutzner           Justin A. Lemkul          Magnus Lundborg      
       Pascal Merz              Vedran Miletic            Dmitry Morozov      
       Julien Nabet              Szilard Pall        Andrea Pasquadibisceglie 
    Michele Pellegrino          Hubert Santuz             Roland Schulz       
     Tatiana Shugaeva          Alexey Shvetsov            Philip Turner       
     Alessandra Villa      Sebastian Wingbermuehle  

                         Previous GROMACS contributors:
        Emile Apol             Rossen Apostolov           James Barnett       
        Paul Bauer          Herman J.C. Berendsen          Par Bjelkmar       
      Christian Blau          Viacheslav Bolnykh            Kevin Boyd        
    Aldert van Buuren          Carlo Camilloni           Rudi van Drunen      
      Anton Feenstra           Oliver Fleetwood            Vytas Gapsys       
       Gaurav Garg             Gerrit Groenhof            Bert de Groot       
      Anca Hamuraru           Vincent Hindriksen          Victor Holanda      
     Aleksei Iupinov          Christoph Junghans        Prashanth Kanduri     
   Dimitrios Karkoulis           Peter Kasson             Sebastian Kehl      
     Sebastian Keller             Jiri Kraus               Per Larsson        
      Viveca Lindahl            Erik Marklund           Pieter Meulenhoff     
      Teemu Murtola              Sander Pronk             Michael Shirts      
      Alfons Sijbers            Balint Soproni         David van der Spoel    
      Peter Tieleman            Carsten Uphoff             Jon Vincent        
     Teemu Virolainen         Christian Wennberg           Maarten Wolf       
      Artem Zhmurov       

                  Coordinated by the GROMACS project leaders:
                           Berk Hess and Erik Lindahl

GROMACS:      gmx mdrun, version 2024.5-conda_forge
Executable:   /home/v/miniconda3/envs/gmx/bin.AVX2_256/gmx_mpi
Data prefix:  /home/v/miniconda3/envs/gmx
Working dir:  /mnt/d/modeling/try3/simulations/pept1+lig1_Sim
Process ID:   2372
Command line:
  gmx_mpi mdrun -deffnm pept1+lig1_npt -v -nb gpu -pme gpu -update gpu -bonded gpu

GROMACS version:     2024.5-conda_forge
Precision:           mixed
Memory model:        64 bit
MPI library:         MPI
MPI library version: Open MPI v5.0.7, package: Open MPI conda@f424a898794e Distribution, ident: 5.0.7, repo rev: v5.0.7, Feb 14, 2025
OpenMP support:      enabled (GMX_OPENMP_MAX_THREADS = 128)
GPU support:         CUDA
NBNxM GPU setup:     super-cluster 2x2x2 / cluster 8
SIMD instructions:   AVX2_256
CPU FFT library:     fftw-3.3.10-sse2-avx
GPU FFT library:     cuFFT
Multi-GPU FFT:       none
RDTSCP usage:        disabled
TNG support:         enabled
Hwloc support:       disabled
Tracing support:     disabled
C compiler:          /home/conda/feedstock_root/build_artifacts/gromacs_1737880303912/_build_env/bin/x86_64-conda-linux-gnu-cc GNU 11.4.0
C compiler flags:    -fexcess-precision=fast -funroll-all-loops -mavx2 -mfma -Wno-missing-field-initializers -pthread -O3 -DNDEBUG
C++ compiler:        /home/conda/feedstock_root/build_artifacts/gromacs_1737880303912/_build_env/bin/x86_64-conda-linux-gnu-c++ GNU 11.4.0
C++ compiler flags:  -fexcess-precision=fast -funroll-all-loops -mavx2 -mfma -Wno-missing-field-initializers -pthread -Wno-cast-function-type-strict SHELL:-fopenmp -O3 -DNDEBUG
BLAS library:        Internal
LAPACK library:      Internal
CUDA compiler:       /usr/local/cuda/bin/nvcc nvcc: NVIDIA (R) Cuda compiler driver;Copyright (c) 2005-2022 NVIDIA Corporation;Built on Wed_Sep_21_10:33:58_PDT_2022;Cuda compilation tools, release 11.8, V11.8.89;Build cuda_11.8.r11.8/compiler.31833905_0
CUDA compiler flags:-std=c++17;--generate-code=arch=compute_35,code=sm_35;--generate-code=arch=compute_37,code=sm_37;--generate-code=arch=compute_50,code=sm_50;--generate-code=arch=compute_52,code=sm_52;--generate-code=arch=compute_60,code=sm_60;--generate-code=arch=compute_61,code=sm_61;--generate-code=arch=compute_70,code=sm_70;--generate-code=arch=compute_75,code=sm_75;--generate-code=arch=compute_80,code=sm_80;--generate-code=arch=compute_86,code=sm_86;--generate-code=arch=compute_89,code=sm_89;--generate-code=arch=compute_90,code=sm_90;-Wno-deprecated-gpu-targets;--generate-code=arch=compute_53,code=sm_53;--generate-code=arch=compute_80,code=sm_80;-use_fast_math;-Xptxas;-warn-double-usage;-Xptxas;-Werror;;-Xcompiler;-fopenmp;-fexcess-precision=fast -funroll-all-loops -mavx2 -mfma -Wno-missing-field-initializers -pthread -Wno-cast-function-type-strict SHELL:-fopenmp -O3 -DNDEBUG
CUDA driver:         12.80
CUDA runtime:        11.80


Running on 1 node with total 10 cores, 20 processing units, 1 compatible GPU
Hardware detected on host DESKTOP-SIQ9LOP (the node of MPI rank 0):
  CPU info:
    Vendor: Intel
    Brand:  13th Gen Intel(R) Core(TM) i7-13650HX
    Family: 6   Model: 183   Stepping: 1
    Features: aes apic avx avx2 clfsh cmov cx8 cx16 f16c fma htt intel lahf mmx msr nonstop_tsc pcid pclmuldq pdpe1gb popcnt pse rdrnd rdtscp sha sse2 sse3 sse4.1 sse4.2 ssse3 tdt x2apic
  Hardware topology: Basic
    Packages, cores, and logical processors:
    [indices refer to OS logical processors]
      Package  0: [   0   1] [   2   3] [   4   5] [   6   7] [   8   9] [  10  11] [  12  13] [  14  15] [  16  17] [  18  19]
    CPU limit set by OS: -1   Recommended max number of threads: 20
  GPU info:
    Number of GPUs detected: 1
    #0: NVIDIA NVIDIA GeForce RTX 4060 Laptop GPU, compute cap.: 8.9, ECC:  no, stat: compatible

The current CPU can measure timings more accurately than the code in
gmx mdrun was configured to use. This might affect your simulation
speed as accurate timings are needed for load-balancing.
Please consider rebuilding gmx mdrun with the GMX_USE_RDTSCP=ON CMake option.

++++ PLEASE READ AND CITE THE FOLLOWING REFERENCE ++++
M. J. Abraham, T. Murtola, R. Schulz, S. Páll, J. C. Smith, B. Hess, E.
Lindahl
GROMACS: High performance molecular simulations through multi-level
parallelism from laptops to supercomputers
SoftwareX 1 (2015) pp. 19-25
-------- -------- --- Thank You --- -------- --------


++++ PLEASE READ AND CITE THE FOLLOWING REFERENCE ++++
S. Páll, M. J. Abraham, C. Kutzner, B. Hess, E. Lindahl
Tackling Exascale Software Challenges in Molecular Dynamics Simulations with
GROMACS
In S. Markidis & E. Laure (Eds.), Solving Software Challenges for Exascale 8759 (2015) pp. 3-27
-------- -------- --- Thank You --- -------- --------


++++ PLEASE READ AND CITE THE FOLLOWING REFERENCE ++++
S. Pronk, S. Páll, R. Schulz, P. Larsson, P. Bjelkmar, R. Apostolov, M. R.
Shirts, J. C. Smith, P. M. Kasson, D. van der Spoel, B. Hess, and E. Lindahl
GROMACS 4.5: a high-throughput and highly parallel open source molecular
simulation toolkit
Bioinformatics 29 (2013) pp. 845-54
-------- -------- --- Thank You --- -------- --------


++++ PLEASE READ AND CITE THE FOLLOWING REFERENCE ++++
B. Hess and C. Kutzner and D. van der Spoel and E. Lindahl
GROMACS 4: Algorithms for highly efficient, load-balanced, and scalable
molecular simulation
J. Chem. Theory Comput. 4 (2008) pp. 435-447
-------- -------- --- Thank You --- -------- --------


++++ PLEASE READ AND CITE THE FOLLOWING REFERENCE ++++
D. van der Spoel, E. Lindahl, B. Hess, G. Groenhof, A. E. Mark and H. J. C.
Berendsen
GROMACS: Fast, Flexible and Free
J. Comp. Chem. 26 (2005) pp. 1701-1719
-------- -------- --- Thank You --- -------- --------


++++ PLEASE READ AND CITE THE FOLLOWING REFERENCE ++++
E. Lindahl and B. Hess and D. van der Spoel
GROMACS 3.0: A package for molecular simulation and trajectory analysis
J. Mol. Mod. 7 (2001) pp. 306-317
-------- -------- --- Thank You --- -------- --------


++++ PLEASE READ AND CITE THE FOLLOWING REFERENCE ++++
H. J. C. Berendsen, D. van der Spoel and R. van Drunen
GROMACS: A message-passing parallel molecular dynamics implementation
Comp. Phys. Comm. 91 (1995) pp. 43-56
-------- -------- --- Thank You --- -------- --------

Input Parameters:
   integrator                     = md
   tinit                          = 0
   dt                             = 0.001
   nsteps                         = 500000
   init-step                      = 0
   simulation-part                = 1
   mts                            = false
   mass-repartition-factor        = 1
   comm-mode                      = Linear
   nstcomm                        = 100
   bd-fric                        = 0
   ld-seed                        = -100663425
   emtol                          = 10
   emstep                         = 0.01
   niter                          = 20
   fcstep                         = 0
   nstcgsteep                     = 1000
   nbfgscorr                      = 10
   rtpi                           = 0.05
   nstxout                        = 0
   nstvout                        = 0
   nstfout                        = 0
   nstlog                         = 5000
   nstcalcenergy                  = 100
   nstenergy                      = 5000
   nstxout-compressed             = 5000
   compressed-x-precision         = 1000
   cutoff-scheme                  = Verlet
   nstlist                        = 20
   pbc                            = xyz
   periodic-molecules             = false
   verlet-buffer-tolerance        = 0.005
   verlet-buffer-pressure-tolerance = 0.5
   rlist                          = 1.2
   coulombtype                    = PME
   coulomb-modifier               = Potential-shift
   rcoulomb-switch                = 0
   rcoulomb                       = 1.2
   epsilon-r                      = 1
   epsilon-rf                     = inf
   vdw-type                       = Cut-off
   vdw-modifier                   = Potential-shift
   rvdw-switch                    = 0
   rvdw                           = 1.2
   DispCorr                       = EnerPres
   table-extension                = 1
   fourierspacing                 = 0.16
   fourier-nx                     = 52
   fourier-ny                     = 52
   fourier-nz                     = 52
   pme-order                      = 4
   ewald-rtol                     = 1e-05
   ewald-rtol-lj                  = 0.001
   lj-pme-comb-rule               = Geometric
   ewald-geometry                 = 3d
   epsilon-surface                = 0
   ensemble-temperature-setting   = constant
   ensemble-temperature           = 300
   tcoupl                         = V-rescale
   nsttcouple                     = 20
   nh-chain-length                = 0
   print-nose-hoover-chain-variables = false
   pcoupl                         = Parrinello-Rahman
   pcoupltype                     = Isotropic
   nstpcouple                     = 100
   tau-p                          = 2
   compressibility (3x3):
      compressibility[    0]={ 4.50000e-05,  0.00000e+00,  0.00000e+00}
      compressibility[    1]={ 0.00000e+00,  4.50000e-05,  0.00000e+00}
      compressibility[    2]={ 0.00000e+00,  0.00000e+00,  4.50000e-05}
   ref-p (3x3):
      ref-p[    0]={ 1.00000e+00,  0.00000e+00,  0.00000e+00}
      ref-p[    1]={ 0.00000e+00,  1.00000e+00,  0.00000e+00}
      ref-p[    2]={ 0.00000e+00,  0.00000e+00,  1.00000e+00}
   refcoord-scaling               = No
   posres-com (3):
      posres-com[0]= 0.00000e+00
      posres-com[1]= 0.00000e+00
      posres-com[2]= 0.00000e+00
   posres-comB (3):
      posres-comB[0]= 0.00000e+00
      posres-comB[1]= 0.00000e+00
      posres-comB[2]= 0.00000e+00
   QMMM                           = false
qm-opts:
   ngQM                           = 0
   constraint-algorithm           = Lincs
   continuation                   = true
   Shake-SOR                      = false
   shake-tol                      = 0.0001
   lincs-order                    = 4
   lincs-iter                     = 1
   lincs-warnangle                = 30
   nwall                          = 0
   wall-type                      = 9-3
   wall-r-linpot                  = -1
   wall-atomtype[0]               = -1
   wall-atomtype[1]               = -1
   wall-density[0]                = 0
   wall-density[1]                = 0
   wall-ewald-zfac                = 3
   pull                           = false
   awh                            = false
   rotation                       = false
   interactiveMD                  = false
   disre                          = No
   disre-weighting                = Conservative
   disre-mixed                    = false
   dr-fc                          = 1000
   dr-tau                         = 0
   nstdisreout                    = 100
   orire-fc                       = 0
   orire-tau                      = 0
   nstorireout                    = 100
   free-energy                    = no
   cos-acceleration               = 0
   deform (3x3):
      deform[    0]={ 0.00000e+00,  0.00000e+00,  0.00000e+00}
      deform[    1]={ 0.00000e+00,  0.00000e+00,  0.00000e+00}
      deform[    2]={ 0.00000e+00,  0.00000e+00,  0.00000e+00}
   simulated-tempering            = false
   swapcoords                     = no
   userint1                       = 0
   userint2                       = 0
   userint3                       = 0
   userint4                       = 0
   userreal1                      = 0
   userreal2                      = 0
   userreal3                      = 0
   userreal4                      = 0
   applied-forces:
     electric-field:
       x:
         E0                       = 0
         omega                    = 0
         t0                       = 0
         sigma                    = 0
       y:
         E0                       = 0
         omega                    = 0
         t0                       = 0
         sigma                    = 0
       z:
         E0                       = 0
         omega                    = 0
         t0                       = 0
         sigma                    = 0
     density-guided-simulation:
       active                     = false
       group                      = protein
       similarity-measure         = inner-product
       atom-spreading-weight      = unity
       force-constant             = 1e+09
       gaussian-transform-spreading-width = 0.2
       gaussian-transform-spreading-range-in-multiples-of-width = 4
       reference-density-filename = reference.mrc
       nst                        = 1
       normalize-densities        = true
       adaptive-force-scaling     = false
       adaptive-force-scaling-time-constant = 4
       shift-vector               = 
       transformation-matrix      = 
     qmmm-cp2k:
       active                     = false
       qmgroup                    = System
       qmmethod                   = PBE
       qmfilenames                = 
       qmcharge                   = 0
       qmmultiplicity             = 1
     colvars:
       active                     = false
       configfile                 = 
       seed                       = -1
grpopts:
   nrdf:     609.983      106011
   ref-t:         300         300
   tau-t:         0.1         0.1
annealing:          No          No
annealing-npoints:           0           0
   acc:	           0           0           0
   nfreeze:           N           N           N
   energygrp-flags[  0]: 0

Changing nstlist from 20 to 100, rlist from 1.2 to 1.301


Update groups can not be used for this system because atoms that are (in)directly constrained together are interdispersed with other atoms

1 GPU selected for this run.
Mapping of GPU IDs to the 2 GPU tasks in the 1 rank on this node:
  PP:0,PME:0
PP tasks will do (non-perturbed) short-ranged and most bonded interactions on the GPU
PP task will update and constrain coordinates on the GPU
PME tasks will do all aspects on the GPU
Using 1 MPI process
Using 10 OpenMP threads 

System total charge: 0.000
Will do PME sum in reciprocal space for electrostatic interactions.

++++ PLEASE READ AND CITE THE FOLLOWING REFERENCE ++++
U. Essmann, L. Perera, M. L. Berkowitz, T. Darden, H. Lee and L. G. Pedersen 
A smooth particle mesh Ewald method
J. Chem. Phys. 103 (1995) pp. 8577-8592
-------- -------- --- Thank You --- -------- --------

Using a Gaussian width (1/beta) of 0.384195 nm for Ewald
Potential shift: LJ r^-12: -1.122e-01 r^-6: -3.349e-01, Ewald -8.333e-06
Initialized non-bonded Coulomb Ewald tables, spacing: 1.02e-03 size: 1176

Generated table with 1150 data points for 1-4 COUL.
Tabscale = 500 points/nm
Generated table with 1150 data points for 1-4 LJ6.
Tabscale = 500 points/nm
Generated table with 1150 data points for 1-4 LJ12.
Tabscale = 500 points/nm
Long Range LJ corr.: <C6> 2.8028e-04


Using GPU 8x8 nonbonded short-range kernels

Using a dual 8x8 pair-list setup updated with dynamic, rolling pruning:
  outer list: updated every 100 steps, buffer 0.101 nm, rlist 1.301 nm
  inner list: updated every  22 steps, buffer 0.002 nm, rlist 1.202 nm
At tolerance 0.005 kJ/mol/ps per atom, equivalent classical 1x1 list would be:
  outer list: updated every 100 steps, buffer 0.230 nm, rlist 1.430 nm
  inner list: updated every  22 steps, buffer 0.048 nm, rlist 1.248 nm

The average pressure is off by at most 0.15 bar due to missing LJ interactions

Using Lorentz-Berthelot Lennard-Jones combination rule

Pinning threads with an auto-selected logical cpu stride of 2

Initializing LINear Constraint Solver

++++ PLEASE READ AND CITE THE FOLLOWING REFERENCE ++++
B. Hess and H. Bekker and H. J. C. Berendsen and J. G. E. M. Fraaije
LINCS: A Linear Constraint Solver for molecular simulations
J. Comp. Chem. 18 (1997) pp. 1463-1472
-------- -------- --- Thank You --- -------- --------

The number of constraints is 119

++++ PLEASE READ AND CITE THE FOLLOWING REFERENCE ++++
S. Miyamoto and P. A. Kollman
SETTLE: An Analytical Version of the SHAKE and RATTLE Algorithms for Rigid
Water Models
J. Comp. Chem. 13 (1992) pp. 952-962
-------- -------- --- Thank You --- -------- --------


++++ PLEASE READ AND CITE THE FOLLOWING REFERENCE ++++
G. Bussi, D. Donadio and M. Parrinello
Canonical sampling through velocity rescaling
J. Chem. Phys. 126 (2007) pp. 014101
-------- -------- --- Thank You --- -------- --------

There are: 53200 Atoms

Updating coordinates and applying constraints on the GPU.
Center of mass motion removal mode is Linear
We have the following groups for center of mass motion removal:
  0:  rest

Started mdrun on rank 0 Wed Apr  9 17:03:20 2025

           Step           Time
              0        0.00000

   Energies (kJ/mol)
           Bond          Angle    Proper Dih. Per. Imp. Dih.          LJ-14
    2.73199e+02    9.90018e+02    1.09920e+03    5.07739e+01    1.87187e+02
     Coulomb-14        LJ (SR)  Disper. corr.   Coulomb (SR)   Coul. recip.
    1.90223e+03    1.11048e+05   -3.53550e+03   -8.60169e+05    2.54440e+03
 Position Rest.      Potential    Kinetic En.   Total Energy  Conserved En.
    1.70322e-02   -7.45609e+05    1.32851e+05   -6.12758e+05   -6.12725e+05
    Temperature Pres. DC (bar) Pressure (bar)   Constr. rmsd
    2.99721e+02   -1.08095e+02   -8.39138e+02    0.00000e+00

           Step           Time
           5000        5.00000

   Energies (kJ/mol)
           Bond          Angle    Proper Dih. Per. Imp. Dih.          LJ-14
    2.31517e+02    7.25867e+02    1.11190e+03    4.33871e+01    1.82701e+02
     Coulomb-14        LJ (SR)  Disper. corr.   Coulomb (SR)   Coul. recip.
    1.97371e+03    1.12474e+05   -3.58222e+03   -8.64876e+05    2.50044e+03
 Position Rest.      Potential    Kinetic En.   Total Energy  Conserved En.
    1.53564e+02   -7.49060e+05    1.33318e+05   -6.15742e+05   -6.12469e+05
    Temperature Pres. DC (bar) Pressure (bar)   Constr. rmsd
    3.00775e+02   -1.10969e+02    9.59099e+01    0.00000e+00

step 5300: timed with pme grid 52 52 52, coulomb cutoff 1.200: 245.5 M-cycles
step 5500: timed with pme grid 44 44 44, coulomb cutoff 1.391: 294.2 M-cycles
step 5700: timed with pme grid 48 48 48, coulomb cutoff 1.275: 255.8 M-cycles
step 5900: timed with pme grid 52 52 52, coulomb cutoff 1.200: 244.6 M-cycles
              optimal pme grid 52 52 52, coulomb cutoff 1.200
           Step           Time
          10000       10.00000

   Energies (kJ/mol)
           Bond          Angle    Proper Dih. Per. Imp. Dih.          LJ-14
    2.25739e+02    7.36753e+02    1.04115e+03    4.24037e+01    1.85911e+02
     Coulomb-14        LJ (SR)  Disper. corr.   Coulomb (SR)   Coul. recip.
    2.01395e+03    1.11880e+05   -3.57243e+03   -8.63649e+05    2.58809e+03
 Position Rest.      Potential    Kinetic En.   Total Energy  Conserved En.
    1.76279e+02   -7.48332e+05    1.32851e+05   -6.15481e+05   -6.12415e+05
    Temperature Pres. DC (bar) Pressure (bar)   Constr. rmsd
    2.99721e+02   -1.10363e+02    1.34370e+01    0.00000e+00

           Step           Time
          15000       15.00000

   Energies (kJ/mol)
           Bond          Angle    Proper Dih. Per. Imp. Dih.          LJ-14
    2.02488e+02    7.36286e+02    1.02577e+03    4.31872e+01    1.96280e+02
     Coulomb-14        LJ (SR)  Disper. corr.   Coulomb (SR)   Coul. recip.
    2.07755e+03    1.11472e+05   -3.58261e+03   -8.63395e+05    2.48044e+03
 Position Rest.      Potential    Kinetic En.   Total Energy  Conserved En.
    1.80638e+02   -7.48563e+05    1.33857e+05   -6.14707e+05   -6.12400e+05
    Temperature Pres. DC (bar) Pressure (bar)   Constr. rmsd
    3.01991e+02   -1.10993e+02    1.20743e+01    0.00000e+00

           Step           Time
          20000       20.00000

   Energies (kJ/mol)
           Bond          Angle    Proper Dih. Per. Imp. Dih.          LJ-14
    2.15300e+02    7.09102e+02    1.04077e+03    6.62550e+01    1.89598e+02
     Coulomb-14        LJ (SR)  Disper. corr.   Coulomb (SR)   Coul. recip.
    2.05039e+03    1.12581e+05   -3.58304e+03   -8.63678e+05    2.52274e+03
 Position Rest.      Potential    Kinetic En.   Total Energy  Conserved En.
    1.81396e+02   -7.47705e+05    1.32578e+05   -6.15126e+05   -6.12312e+05
    Temperature Pres. DC (bar) Pressure (bar)   Constr. rmsd
    2.99106e+02   -1.11020e+02    6.57463e+01    0.00000e+00

           Step           Time
          25000       25.00000

   Energies (kJ/mol)
           Bond          Angle    Proper Dih. Per. Imp. Dih.          LJ-14
    2.81898e+02    7.19280e+02    1.05526e+03    4.58297e+01    1.76365e+02
     Coulomb-14        LJ (SR)  Disper. corr.   Coulomb (SR)   Coul. recip.
    1.99188e+03    1.12688e+05   -3.58871e+03   -8.63140e+05    2.44115e+03
 Position Rest.      Potential    Kinetic En.   Total Energy  Conserved En.
    1.76996e+02   -7.47153e+05    1.33060e+05   -6.14093e+05   -6.12179e+05
    Temperature Pres. DC (bar) Pressure (bar)   Constr. rmsd
    3.00192e+02   -1.11371e+02    1.68497e+02    0.00000e+00

           Step           Time
          30000       30.00000

   Energies (kJ/mol)
           Bond          Angle    Proper Dih. Per. Imp. Dih.          LJ-14
    2.54763e+02    8.03752e+02    1.03725e+03    4.51764e+01    1.79783e+02
     Coulomb-14        LJ (SR)  Disper. corr.   Coulomb (SR)   Coul. recip.
    1.97499e+03    1.12461e+05   -3.54447e+03   -8.63892e+05    2.55735e+03
 Position Rest.      Potential    Kinetic En.   Total Energy  Conserved En.
    2.08875e+02   -7.47913e+05    1.32854e+05   -6.15059e+05   -6.12087e+05
    Temperature Pres. DC (bar) Pressure (bar)   Constr. rmsd
    2.99729e+02   -1.08644e+02   -8.29823e+01    0.00000e+00

           Step           Time
          35000       35.00000

   Energies (kJ/mol)
           Bond          Angle    Proper Dih. Per. Imp. Dih.          LJ-14
    2.32800e+02    7.05439e+02    1.07014e+03    4.02399e+01    1.96575e+02
     Coulomb-14        LJ (SR)  Disper. corr.   Coulomb (SR)   Coul. recip.
    2.00456e+03    1.11575e+05   -3.57027e+03   -8.63136e+05    2.46900e+03
 Position Rest.      Potential    Kinetic En.   Total Energy  Conserved En.
    1.94074e+02   -7.48219e+05    1.33201e+05   -6.15017e+05   -6.12014e+05
    Temperature Pres. DC (bar) Pressure (bar)   Constr. rmsd
    3.00512e+02   -1.10230e+02   -8.40587e+01    0.00000e+00

           Step           Time
          40000       40.00000

   Energies (kJ/mol)
           Bond          Angle    Proper Dih. Per. Imp. Dih.          LJ-14
    1.98815e+02    7.04606e+02    1.08367e+03    3.48748e+01    2.06920e+02
     Coulomb-14        LJ (SR)  Disper. corr.   Coulomb (SR)   Coul. recip.
    2.03777e+03    1.12656e+05   -3.58304e+03   -8.66008e+05    2.47592e+03
 Position Rest.      Potential    Kinetic En.   Total Energy  Conserved En.
    1.43848e+02   -7.50049e+05    1.31892e+05   -6.18157e+05   -6.11962e+05
    Temperature Pres. DC (bar) Pressure (bar)   Constr. rmsd
    2.97558e+02   -1.11020e+02    5.94678e+01    0.00000e+00

           Step           Time
          45000       45.00000

   Energies (kJ/mol)
           Bond          Angle    Proper Dih. Per. Imp. Dih.          LJ-14
    1.98653e+02    6.86219e+02    1.05961e+03    4.72230e+01    1.92039e+02
     Coulomb-14        LJ (SR)  Disper. corr.   Coulomb (SR)   Coul. recip.
    2.01844e+03    1.12543e+05   -3.57376e+03   -8.64879e+05    2.46560e+03
 Position Rest.      Potential    Kinetic En.   Total Energy  Conserved En.
    1.74294e+02   -7.49068e+05    1.32987e+05   -6.16080e+05   -6.11919e+05
    Temperature Pres. DC (bar) Pressure (bar)   Constr. rmsd
    3.00029e+02   -1.10445e+02    1.23688e+02    0.00000e+00

           Step           Time
          50000       50.00000

   Energies (kJ/mol)
           Bond          Angle    Proper Dih. Per. Imp. Dih.          LJ-14
    2.23050e+02    6.59474e+02    9.95664e+02    5.08434e+01    2.03550e+02
     Coulomb-14        LJ (SR)  Disper. corr.   Coulomb (SR)   Coul. recip.
    1.98528e+03    1.12106e+05   -3.56533e+03   -8.63898e+05    2.53049e+03
 Position Rest.      Potential    Kinetic En.   Total Energy  Conserved En.
    2.26365e+02   -7.48482e+05    1.32275e+05   -6.16207e+05   -6.11887e+05
    Temperature Pres. DC (bar) Pressure (bar)   Constr. rmsd
    2.98421e+02   -1.09925e+02    3.38182e+00    0.00000e+00

           Step           Time
          55000       55.00000

   Energies (kJ/mol)
           Bond          Angle    Proper Dih. Per. Imp. Dih.          LJ-14
    1.99556e+02    7.15587e+02    1.04799e+03    4.60048e+01    1.93627e+02
     Coulomb-14        LJ (SR)  Disper. corr.   Coulomb (SR)   Coul. recip.
    2.01827e+03    1.13272e+05   -3.56764e+03   -8.66012e+05    2.52404e+03
 Position Rest.      Potential    Kinetic En.   Total Energy  Conserved En.
    1.81811e+02   -7.49380e+05    1.32309e+05   -6.17071e+05   -6.11823e+05
    Temperature Pres. DC (bar) Pressure (bar)   Constr. rmsd
    2.98499e+02   -1.10068e+02    1.91960e+01    0.00000e+00

           Step           Time
          60000       60.00000

   Energies (kJ/mol)
           Bond          Angle    Proper Dih. Per. Imp. Dih.          LJ-14
    2.06328e+02    6.71431e+02    1.10616e+03    3.85299e+01    1.96658e+02
     Coulomb-14        LJ (SR)  Disper. corr.   Coulomb (SR)   Coul. recip.
    2.06076e+03    1.12390e+05   -3.57833e+03   -8.64667e+05    2.50971e+03
 Position Rest.      Potential    Kinetic En.   Total Energy  Conserved En.
    1.98691e+02   -7.48868e+05    1.33261e+05   -6.15607e+05   -6.11782e+05
    Temperature Pres. DC (bar) Pressure (bar)   Constr. rmsd
    3.00646e+02   -1.10728e+02    6.98787e+01    0.00000e+00

           Step           Time
          65000       65.00000

   Energies (kJ/mol)
           Bond          Angle    Proper Dih. Per. Imp. Dih.          LJ-14
    1.95040e+02    7.38734e+02    1.05714e+03    3.62675e+01    2.12995e+02
     Coulomb-14        LJ (SR)  Disper. corr.   Coulomb (SR)   Coul. recip.
    2.00610e+03    1.12647e+05   -3.56880e+03   -8.65220e+05    2.49483e+03
 Position Rest.      Potential    Kinetic En.   Total Energy  Conserved En.
    2.02187e+02   -7.49198e+05    1.33481e+05   -6.15717e+05   -6.11727e+05
    Temperature Pres. DC (bar) Pressure (bar)   Constr. rmsd
    3.01142e+02   -1.10139e+02    4.50348e+01    0.00000e+00

           Step           Time
          70000       70.00000

   Energies (kJ/mol)
           Bond          Angle    Proper Dih. Per. Imp. Dih.          LJ-14
    1.97212e+02    8.15514e+02    1.03442e+03    4.37015e+01    2.05669e+02
     Coulomb-14        LJ (SR)  Disper. corr.   Coulomb (SR)   Coul. recip.
    2.05346e+03    1.10559e+05   -3.55497e+03   -8.61121e+05    2.48622e+03
 Position Rest.      Potential    Kinetic En.   Total Energy  Conserved En.
    1.83247e+02   -7.47098e+05    1.33756e+05   -6.13342e+05   -6.11717e+05
    Temperature Pres. DC (bar) Pressure (bar)   Constr. rmsd
    3.01763e+02   -1.09288e+02   -1.37023e+02    0.00000e+00

           Step           Time
          75000       75.00000

   Energies (kJ/mol)
           Bond          Angle    Proper Dih. Per. Imp. Dih.          LJ-14
    2.15814e+02    6.92651e+02    1.03839e+03    3.99518e+01    1.91640e+02
     Coulomb-14        LJ (SR)  Disper. corr.   Coulomb (SR)   Coul. recip.
    2.04365e+03    1.10552e+05   -3.56207e+03   -8.63083e+05    2.48798e+03
 Position Rest.      Potential    Kinetic En.   Total Energy  Conserved En.
    1.89482e+02   -7.49193e+05    1.33517e+05   -6.15675e+05   -6.11667e+05
    Temperature Pres. DC (bar) Pressure (bar)   Constr. rmsd
    3.01225e+02   -1.09724e+02   -2.22620e+02    0.00000e+00

           Step           Time
          80000       80.00000

   Energies (kJ/mol)
           Bond          Angle    Proper Dih. Per. Imp. Dih.          LJ-14
    2.33698e+02    8.12752e+02    1.03645e+03    4.40357e+01    1.94408e+02
     Coulomb-14        LJ (SR)  Disper. corr.   Coulomb (SR)   Coul. recip.
    1.97012e+03    1.13583e+05   -3.56309e+03   -8.66167e+05    2.50628e+03
 Position Rest.      Potential    Kinetic En.   Total Energy  Conserved En.
    2.16661e+02   -7.49132e+05    1.33466e+05   -6.15666e+05   -6.11644e+05
    Temperature Pres. DC (bar) Pressure (bar)   Constr. rmsd
    3.01109e+02   -1.09788e+02    3.86367e+01    0.00000e+00

           Step           Time
          85000       85.00000

   Energies (kJ/mol)
           Bond          Angle    Proper Dih. Per. Imp. Dih.          LJ-14
    2.81059e+02    6.81601e+02    1.08747e+03    6.34796e+01    1.78337e+02
     Coulomb-14        LJ (SR)  Disper. corr.   Coulomb (SR)   Coul. recip.
    1.98836e+03    1.13634e+05   -3.57466e+03   -8.65272e+05    2.45768e+03
 Position Rest.      Potential    Kinetic En.   Total Energy  Conserved En.
    1.98372e+02   -7.48276e+05    1.33370e+05   -6.14906e+05   -6.11620e+05
    Temperature Pres. DC (bar) Pressure (bar)   Constr. rmsd
    3.00893e+02   -1.10501e+02    2.50703e+02    0.00000e+00

           Step           Time
          90000       90.00000

   Energies (kJ/mol)
           Bond          Angle    Proper Dih. Per. Imp. Dih.          LJ-14
    2.06048e+02    7.91392e+02    1.06389e+03    4.36596e+01    1.97431e+02
     Coulomb-14        LJ (SR)  Disper. corr.   Coulomb (SR)   Coul. recip.
    2.05867e+03    1.11016e+05   -3.57636e+03   -8.61989e+05    2.53689e+03
 Position Rest.      Potential    Kinetic En.   Total Energy  Conserved En.
    1.65966e+02   -7.47485e+05    1.33359e+05   -6.14126e+05   -6.11601e+05
    Temperature Pres. DC (bar) Pressure (bar)   Constr. rmsd
    3.00868e+02   -1.10606e+02   -9.96122e+00    0.00000e+00

           Step           Time
          95000       95.00000

   Energies (kJ/mol)
           Bond          Angle    Proper Dih. Per. Imp. Dih.          LJ-14
    1.78665e+02    7.23768e+02    1.07731e+03    4.86719e+01    1.70013e+02
     Coulomb-14        LJ (SR)  Disper. corr.   Coulomb (SR)   Coul. recip.
    2.05313e+03    1.12458e+05   -3.57241e+03   -8.64943e+05    2.44503e+03
 Position Rest.      Potential    Kinetic En.   Total Energy  Conserved En.
    2.04586e+02   -7.49156e+05    1.32810e+05   -6.16346e+05   -6.11592e+05
    Temperature Pres. DC (bar) Pressure (bar)   Constr. rmsd
    2.99628e+02   -1.10362e+02    3.98758e+01    0.00000e+00

           Step           Time
         100000      100.00000

   Energies (kJ/mol)
           Bond          Angle    Proper Dih. Per. Imp. Dih.          LJ-14
    1.85666e+02    6.86350e+02    1.04888e+03    5.19814e+01    2.14349e+02
     Coulomb-14        LJ (SR)  Disper. corr.   Coulomb (SR)   Coul. recip.
    2.01536e+03    1.11420e+05   -3.57310e+03   -8.63664e+05    2.53969e+03
 Position Rest.      Potential    Kinetic En.   Total Energy  Conserved En.
    1.73156e+02   -7.48901e+05    1.32695e+05   -6.16206e+05   -6.11578e+05
    Temperature Pres. DC (bar) Pressure (bar)   Constr. rmsd
    2.99370e+02   -1.10405e+02   -8.69622e+00    0.00000e+00

           Step           Time
         105000      105.00000

   Energies (kJ/mol)
           Bond          Angle    Proper Dih. Per. Imp. Dih.          LJ-14
    2.54952e+02    7.90423e+02    1.05833e+03    5.04760e+01    1.86140e+02
     Coulomb-14        LJ (SR)  Disper. corr.   Coulomb (SR)   Coul. recip.
    1.97147e+03    1.13691e+05   -3.55162e+03   -8.63841e+05    2.53471e+03
 Position Rest.      Potential    Kinetic En.   Total Energy  Conserved En.
    1.85792e+02   -7.46670e+05    1.33683e+05   -6.12986e+05   -6.11536e+05
    Temperature Pres. DC (bar) Pressure (bar)   Constr. rmsd
    3.01599e+02   -1.09082e+02    1.86711e+02    0.00000e+00

           Step           Time
         110000      110.00000

   Energies (kJ/mol)
           Bond          Angle    Proper Dih. Per. Imp. Dih.          LJ-14
    1.88686e+02    7.46265e+02    1.08195e+03    4.31521e+01    1.79051e+02
     Coulomb-14        LJ (SR)  Disper. corr.   Coulomb (SR)   Coul. recip.
    1.97361e+03    1.11894e+05   -3.56475e+03   -8.62307e+05    2.50908e+03
 Position Rest.      Potential    Kinetic En.   Total Energy  Conserved En.
    1.84075e+02   -7.47072e+05    1.32550e+05   -6.14521e+05   -6.11500e+05
    Temperature Pres. DC (bar) Pressure (bar)   Constr. rmsd
    2.99043e+02   -1.09890e+02   -3.18291e+01    0.00000e+00

           Step           Time
         115000      115.00000

   Energies (kJ/mol)
           Bond          Angle    Proper Dih. Per. Imp. Dih.          LJ-14
    2.23228e+02    7.55532e+02    1.05727e+03    4.74168e+01    1.80090e+02
     Coulomb-14        LJ (SR)  Disper. corr.   Coulomb (SR)   Coul. recip.
    2.00494e+03    1.10433e+05   -3.54322e+03   -8.59732e+05    2.56892e+03
 Position Rest.      Potential    Kinetic En.   Total Energy  Conserved En.
    2.01241e+02   -7.45803e+05    1.31792e+05   -6.14011e+05   -6.11395e+05
    Temperature Pres. DC (bar) Pressure (bar)   Constr. rmsd
    2.97332e+02   -1.08567e+02   -1.59292e+02    0.00000e+00

           Step           Time
         120000      120.00000

   Energies (kJ/mol)
           Bond          Angle    Proper Dih. Per. Imp. Dih.          LJ-14
    2.22515e+02    7.41961e+02    1.04967e+03    5.46306e+01    1.91189e+02
     Coulomb-14        LJ (SR)  Disper. corr.   Coulomb (SR)   Coul. recip.
    1.96494e+03    1.12298e+05   -3.57008e+03   -8.65442e+05    2.47976e+03
 Position Rest.      Potential    Kinetic En.   Total Energy  Conserved En.
    1.79654e+02   -7.49830e+05    1.33705e+05   -6.16125e+05   -6.11330e+05
    Temperature Pres. DC (bar) Pressure (bar)   Constr. rmsd
    3.01648e+02   -1.10218e+02   -1.75427e+01    0.00000e+00

           Step           Time
         125000      125.00000

   Energies (kJ/mol)
           Bond          Angle    Proper Dih. Per. Imp. Dih.          LJ-14
    2.46200e+02    7.72721e+02    1.04288e+03    4.71262e+01    1.75966e+02
     Coulomb-14        LJ (SR)  Disper. corr.   Coulomb (SR)   Coul. recip.
    1.99625e+03    1.12094e+05   -3.57385e+03   -8.63871e+05    2.41823e+03
 Position Rest.      Potential    Kinetic En.   Total Energy  Conserved En.
    1.77480e+02   -7.48474e+05    1.32970e+05   -6.15504e+05   -6.11319e+05
    Temperature Pres. DC (bar) Pressure (bar)   Constr. rmsd
    2.99990e+02   -1.10451e+02   -4.36991e+01    0.00000e+00

           Step           Time
         130000      130.00000

   Energies (kJ/mol)
           Bond          Angle    Proper Dih. Per. Imp. Dih.          LJ-14
    2.19274e+02    7.71968e+02    1.06333e+03    5.27759e+01    1.97762e+02
     Coulomb-14        LJ (SR)  Disper. corr.   Coulomb (SR)   Coul. recip.
    1.95918e+03    1.12117e+05   -3.55074e+03   -8.64294e+05    2.48499e+03
 Position Rest.      Potential    Kinetic En.   Total Energy  Conserved En.
    1.97268e+02   -7.48781e+05    1.33870e+05   -6.14910e+05   -6.11202e+05
    Temperature Pres. DC (bar) Pressure (bar)   Constr. rmsd
    3.02021e+02   -1.09028e+02   -1.22931e+02    0.00000e+00

           Step           Time
         135000      135.00000

   Energies (kJ/mol)
           Bond          Angle    Proper Dih. Per. Imp. Dih.          LJ-14
    2.20896e+02    7.14281e+02    1.04726e+03    4.51615e+01    1.69148e+02
     Coulomb-14        LJ (SR)  Disper. corr.   Coulomb (SR)   Coul. recip.
    2.01721e+03    1.11799e+05   -3.57321e+03   -8.63481e+05    2.53822e+03
 Position Rest.      Potential    Kinetic En.   Total Energy  Conserved En.
    1.79097e+02   -7.48324e+05    1.33114e+05   -6.15210e+05   -6.11128e+05
    Temperature Pres. DC (bar) Pressure (bar)   Constr. rmsd
    3.00314e+02   -1.10411e+02    2.79502e+01    0.00000e+00

           Step           Time
         140000      140.00000

   Energies (kJ/mol)
           Bond          Angle    Proper Dih. Per. Imp. Dih.          LJ-14
    2.55002e+02    7.06236e+02    1.03855e+03    4.96871e+01    1.80494e+02
     Coulomb-14        LJ (SR)  Disper. corr.   Coulomb (SR)   Coul. recip.
    2.04844e+03    1.10601e+05   -3.55775e+03   -8.60910e+05    2.52716e+03
 Position Rest.      Potential    Kinetic En.   Total Energy  Conserved En.
    2.03933e+02   -7.46857e+05    1.32971e+05   -6.13886e+05   -6.10968e+05
    Temperature Pres. DC (bar) Pressure (bar)   Constr. rmsd
    2.99992e+02   -1.09459e+02   -9.67312e+01    0.00000e+00

           Step           Time
         145000      145.00000

   Energies (kJ/mol)
           Bond          Angle    Proper Dih. Per. Imp. Dih.          LJ-14
    2.25276e+02    7.59188e+02    1.08486e+03    4.64501e+01    1.68351e+02
     Coulomb-14        LJ (SR)  Disper. corr.   Coulomb (SR)   Coul. recip.
    1.96678e+03    1.10927e+05   -3.57835e+03   -8.62361e+05    2.44968e+03
 Position Rest.      Potential    Kinetic En.   Total Energy  Conserved En.
    1.99322e+02   -7.48113e+05    1.33186e+05   -6.14927e+05   -6.10874e+05
    Temperature Pres. DC (bar) Pressure (bar)   Constr. rmsd
    3.00477e+02   -1.10729e+02   -1.52019e+02    0.00000e+00

           Step           Time
         150000      150.00000

   Energies (kJ/mol)
           Bond          Angle    Proper Dih. Per. Imp. Dih.          LJ-14
    1.97067e+02    6.88911e+02    1.03904e+03    5.62823e+01    2.19949e+02
     Coulomb-14        LJ (SR)  Disper. corr.   Coulomb (SR)   Coul. recip.
    2.01532e+03    1.10645e+05   -3.56043e+03   -8.61323e+05    2.52067e+03
 Position Rest.      Potential    Kinetic En.   Total Energy  Conserved En.
    2.00291e+02   -7.47300e+05    1.33320e+05   -6.13980e+05   -6.10762e+05
    Temperature Pres. DC (bar) Pressure (bar)   Constr. rmsd
    3.00780e+02   -1.09624e+02   -8.73379e+01    0.00000e+00

           Step           Time
         155000      155.00000

   Energies (kJ/mol)
           Bond          Angle    Proper Dih. Per. Imp. Dih.          LJ-14
    2.35975e+02    7.45829e+02    1.01297e+03    3.82950e+01    1.56229e+02
     Coulomb-14        LJ (SR)  Disper. corr.   Coulomb (SR)   Coul. recip.
    1.99980e+03    1.12929e+05   -3.58320e+03   -8.65533e+05    2.43187e+03
 Position Rest.      Potential    Kinetic En.   Total Energy  Conserved En.
    1.80972e+02   -7.49385e+05    1.31689e+05   -6.17696e+05   -6.10692e+05
    Temperature Pres. DC (bar) Pressure (bar)   Constr. rmsd
    2.97101e+02   -1.11029e+02   -4.91449e+01    0.00000e+00

           Step           Time
         160000      160.00000

   Energies (kJ/mol)
           Bond          Angle    Proper Dih. Per. Imp. Dih.          LJ-14
    1.94989e+02    7.46863e+02    1.05932e+03    4.07204e+01    1.89448e+02
     Coulomb-14        LJ (SR)  Disper. corr.   Coulomb (SR)   Coul. recip.
    1.95270e+03    1.11271e+05   -3.56037e+03   -8.62140e+05    2.47151e+03
 Position Rest.      Potential    Kinetic En.   Total Energy  Conserved En.
    2.01435e+02   -7.47572e+05    1.34640e+05   -6.12932e+05   -6.10626e+05
    Temperature Pres. DC (bar) Pressure (bar)   Constr. rmsd
    3.03757e+02   -1.09620e+02   -4.28263e+01    0.00000e+00

           Step           Time
         165000      165.00000

   Energies (kJ/mol)
           Bond          Angle    Proper Dih. Per. Imp. Dih.          LJ-14
    1.62192e+02    7.64189e+02    1.07239e+03    4.87539e+01    1.90852e+02
     Coulomb-14        LJ (SR)  Disper. corr.   Coulomb (SR)   Coul. recip.
    2.01635e+03    1.12518e+05   -3.57095e+03   -8.64701e+05    2.40273e+03
 Position Rest.      Potential    Kinetic En.   Total Energy  Conserved En.
    1.82192e+02   -7.48914e+05    1.32311e+05   -6.16603e+05   -6.10599e+05
    Temperature Pres. DC (bar) Pressure (bar)   Constr. rmsd
    2.98503e+02   -1.10272e+02    2.08857e+01    0.00000e+00

           Step           Time
         170000      170.00000

   Energies (kJ/mol)
           Bond          Angle    Proper Dih. Per. Imp. Dih.          LJ-14
    2.62528e+02    6.98787e+02    1.06988e+03    4.62561e+01    1.98645e+02
     Coulomb-14        LJ (SR)  Disper. corr.   Coulomb (SR)   Coul. recip.
    2.04274e+03    1.12957e+05   -3.56830e+03   -8.64653e+05    2.53944e+03
 Position Rest.      Potential    Kinetic En.   Total Energy  Conserved En.
    2.09108e+02   -7.48197e+05    1.33150e+05   -6.15046e+05   -6.10578e+05
    Temperature Pres. DC (bar) Pressure (bar)   Constr. rmsd
    3.00397e+02   -1.10108e+02    7.75694e+01    0.00000e+00

           Step           Time
         175000      175.00000

   Energies (kJ/mol)
           Bond          Angle    Proper Dih. Per. Imp. Dih.          LJ-14
    2.05743e+02    6.12805e+02    1.05898e+03    3.84479e+01    1.82221e+02
     Coulomb-14        LJ (SR)  Disper. corr.   Coulomb (SR)   Coul. recip.
    1.98965e+03    1.12108e+05   -3.57174e+03   -8.66251e+05    2.50909e+03
 Position Rest.      Potential    Kinetic En.   Total Energy  Conserved En.
    1.85620e+02   -7.50933e+05    1.32569e+05   -6.18364e+05   -6.10551e+05
    Temperature Pres. DC (bar) Pressure (bar)   Constr. rmsd
    2.99086e+02   -1.10321e+02   -1.58116e+02    0.00000e+00

           Step           Time
         180000      180.00000

   Energies (kJ/mol)
           Bond          Angle    Proper Dih. Per. Imp. Dih.          LJ-14
    2.10401e+02    6.79860e+02    1.03904e+03    4.17889e+01    1.79110e+02
     Coulomb-14        LJ (SR)  Disper. corr.   Coulomb (SR)   Coul. recip.
    1.97590e+03    1.12765e+05   -3.57037e+03   -8.64978e+05    2.43987e+03
 Position Rest.      Potential    Kinetic En.   Total Energy  Conserved En.
    1.85690e+02   -7.49032e+05    1.32257e+05   -6.16774e+05   -6.10506e+05
    Temperature Pres. DC (bar) Pressure (bar)   Constr. rmsd
    2.98382e+02   -1.10236e+02    6.43133e+01    0.00000e+00

           Step           Time
         185000      185.00000

   Energies (kJ/mol)
           Bond          Angle    Proper Dih. Per. Imp. Dih.          LJ-14
    2.12211e+02    6.61004e+02    1.05353e+03    4.48832e+01    1.88318e+02
     Coulomb-14        LJ (SR)  Disper. corr.   Coulomb (SR)   Coul. recip.
    2.02783e+03    1.12625e+05   -3.58511e+03   -8.65875e+05    2.41124e+03
 Position Rest.      Potential    Kinetic En.   Total Energy  Conserved En.
    1.95158e+02   -7.50041e+05    1.32436e+05   -6.17605e+05   -6.10442e+05
    Temperature Pres. DC (bar) Pressure (bar)   Constr. rmsd
    2.98784e+02   -1.11148e+02    8.59314e+01    0.00000e+00

           Step           Time
         190000      190.00000

   Energies (kJ/mol)
           Bond          Angle    Proper Dih. Per. Imp. Dih.          LJ-14
    2.46417e+02    7.08638e+02    1.05580e+03    5.90881e+01    1.94186e+02
     Coulomb-14        LJ (SR)  Disper. corr.   Coulomb (SR)   Coul. recip.
    2.02515e+03    1.11856e+05   -3.57348e+03   -8.61996e+05    2.45074e+03
 Position Rest.      Potential    Kinetic En.   Total Energy  Conserved En.
    1.92939e+02   -7.46781e+05    1.32780e+05   -6.14002e+05   -6.10358e+05
    Temperature Pres. DC (bar) Pressure (bar)   Constr. rmsd
    2.99561e+02   -1.10428e+02    5.89391e+01    0.00000e+00

           Step           Time
         195000      195.00000

   Energies (kJ/mol)
           Bond          Angle    Proper Dih. Per. Imp. Dih.          LJ-14
    2.47517e+02    7.63512e+02    1.06999e+03    5.07744e+01    1.73904e+02
     Coulomb-14        LJ (SR)  Disper. corr.   Coulomb (SR)   Coul. recip.
    2.03607e+03    1.12399e+05   -3.57237e+03   -8.63934e+05    2.49791e+03
 Position Rest.      Potential    Kinetic En.   Total Energy  Conserved En.
    1.97927e+02   -7.48070e+05    1.33944e+05   -6.14125e+05   -6.10352e+05
    Temperature Pres. DC (bar) Pressure (bar)   Constr. rmsd
    3.02188e+02   -1.10360e+02    4.88851e+01    0.00000e+00

           Step           Time
         200000      200.00000

   Energies (kJ/mol)
           Bond          Angle    Proper Dih. Per. Imp. Dih.          LJ-14
    2.55324e+02    7.09734e+02    1.07295e+03    5.48194e+01    1.75061e+02
     Coulomb-14        LJ (SR)  Disper. corr.   Coulomb (SR)   Coul. recip.
    2.04349e+03    1.11857e+05   -3.55590e+03   -8.64311e+05    2.53921e+03
 Position Rest.      Potential    Kinetic En.   Total Energy  Conserved En.
    1.98865e+02   -7.48960e+05    1.34655e+05   -6.14305e+05   -6.10315e+05
    Temperature Pres. DC (bar) Pressure (bar)   Constr. rmsd
    3.03792e+02   -1.09345e+02   -8.75722e+01    0.00000e+00

           Step           Time
         205000      205.00000

   Energies (kJ/mol)
           Bond          Angle    Proper Dih. Per. Imp. Dih.          LJ-14
    2.27219e+02    8.12073e+02    1.07968e+03    4.37311e+01    1.70229e+02
     Coulomb-14        LJ (SR)  Disper. corr.   Coulomb (SR)   Coul. recip.
    1.97377e+03    1.09478e+05   -3.56981e+03   -8.60041e+05    2.52966e+03
 Position Rest.      Potential    Kinetic En.   Total Energy  Conserved En.
    1.93308e+02   -7.47103e+05    1.33322e+05   -6.13782e+05   -6.10254e+05
    Temperature Pres. DC (bar) Pressure (bar)   Constr. rmsd
    3.00783e+02   -1.10201e+02   -3.14177e+02    0.00000e+00

           Step           Time
         210000      210.00000

   Energies (kJ/mol)
           Bond          Angle    Proper Dih. Per. Imp. Dih.          LJ-14
    1.83019e+02    7.28844e+02    1.06805e+03    3.76754e+01    1.99178e+02
     Coulomb-14        LJ (SR)  Disper. corr.   Coulomb (SR)   Coul. recip.
    1.97433e+03    1.12141e+05   -3.56725e+03   -8.64146e+05    2.46754e+03
 Position Rest.      Potential    Kinetic En.   Total Energy  Conserved En.
    1.77341e+02   -7.48736e+05    1.32741e+05   -6.15996e+05   -6.10202e+05
    Temperature Pres. DC (bar) Pressure (bar)   Constr. rmsd
    2.99472e+02   -1.10044e+02    3.08569e+01    0.00000e+00

           Step           Time
         215000      215.00000

   Energies (kJ/mol)
           Bond          Angle    Proper Dih. Per. Imp. Dih.          LJ-14
    2.23811e+02    7.14770e+02    1.05883e+03    7.10269e+01    1.82708e+02
     Coulomb-14        LJ (SR)  Disper. corr.   Coulomb (SR)   Coul. recip.
    2.01988e+03    1.13021e+05   -3.56151e+03   -8.63882e+05    2.51600e+03
 Position Rest.      Potential    Kinetic En.   Total Energy  Conserved En.
    2.04200e+02   -7.47432e+05    1.33132e+05   -6.14300e+05   -6.10151e+05
    Temperature Pres. DC (bar) Pressure (bar)   Constr. rmsd
    3.00355e+02   -1.09690e+02    1.15864e+02    0.00000e+00

           Step           Time
         220000      220.00000

   Energies (kJ/mol)
           Bond          Angle    Proper Dih. Per. Imp. Dih.          LJ-14
    1.95990e+02    6.68396e+02    1.03383e+03    5.43783e+01    1.88722e+02
     Coulomb-14        LJ (SR)  Disper. corr.   Coulomb (SR)   Coul. recip.
    2.02810e+03    1.11328e+05   -3.56740e+03   -8.62492e+05    2.49070e+03
 Position Rest.      Potential    Kinetic En.   Total Energy  Conserved En.
    2.31599e+02   -7.47840e+05    1.32926e+05   -6.14914e+05   -6.10104e+05
    Temperature Pres. DC (bar) Pressure (bar)   Constr. rmsd
    2.99890e+02   -1.10053e+02   -5.33221e+01    0.00000e+00

           Step           Time
         225000      225.00000

   Energies (kJ/mol)
           Bond          Angle    Proper Dih. Per. Imp. Dih.          LJ-14
    2.30736e+02    6.83851e+02    1.03242e+03    4.78404e+01    1.95845e+02
     Coulomb-14        LJ (SR)  Disper. corr.   Coulomb (SR)   Coul. recip.
    2.01375e+03    1.11326e+05   -3.58270e+03   -8.62689e+05    2.53205e+03
 Position Rest.      Potential    Kinetic En.   Total Energy  Conserved En.
    2.14376e+02   -7.47995e+05    1.33811e+05   -6.14184e+05   -6.10068e+05
    Temperature Pres. DC (bar) Pressure (bar)   Constr. rmsd
    3.01888e+02   -1.10998e+02    1.28743e+01    0.00000e+00

           Step           Time
         230000      230.00000

   Energies (kJ/mol)
           Bond          Angle    Proper Dih. Per. Imp. Dih.          LJ-14
    2.31311e+02    7.80490e+02    1.09294e+03    6.57953e+01    1.98668e+02
     Coulomb-14        LJ (SR)  Disper. corr.   Coulomb (SR)   Coul. recip.
    1.93705e+03    1.11491e+05   -3.56915e+03   -8.62460e+05    2.41550e+03
 Position Rest.      Potential    Kinetic En.   Total Energy  Conserved En.
    1.66898e+02   -7.47649e+05    1.33030e+05   -6.14619e+05   -6.10020e+05
    Temperature Pres. DC (bar) Pressure (bar)   Constr. rmsd
    3.00126e+02   -1.10161e+02   -5.83488e+01    0.00000e+00

           Step           Time
         235000      235.00000

   Energies (kJ/mol)
           Bond          Angle    Proper Dih. Per. Imp. Dih.          LJ-14
    1.98133e+02    7.18152e+02    1.08507e+03    4.65784e+01    1.78796e+02
     Coulomb-14        LJ (SR)  Disper. corr.   Coulomb (SR)   Coul. recip.
    2.00632e+03    1.12436e+05   -3.59307e+03   -8.65103e+05    2.45335e+03
 Position Rest.      Potential    Kinetic En.   Total Energy  Conserved En.
    1.78769e+02   -7.49395e+05    1.32113e+05   -6.17282e+05   -6.09972e+05
    Temperature Pres. DC (bar) Pressure (bar)   Constr. rmsd
    2.98057e+02   -1.11641e+02    1.45794e+02    0.00000e+00

           Step           Time
         240000      240.00000

   Energies (kJ/mol)
           Bond          Angle    Proper Dih. Per. Imp. Dih.          LJ-14
    2.61434e+02    7.06458e+02    1.05899e+03    3.66430e+01    1.67533e+02
     Coulomb-14        LJ (SR)  Disper. corr.   Coulomb (SR)   Coul. recip.
    1.92364e+03    1.11407e+05   -3.56478e+03   -8.63410e+05    2.45002e+03
 Position Rest.      Potential    Kinetic En.   Total Energy  Conserved En.
    2.02932e+02   -7.48760e+05    1.32267e+05   -6.16493e+05   -6.09965e+05
    Temperature Pres. DC (bar) Pressure (bar)   Constr. rmsd
    2.98405e+02   -1.09891e+02   -1.08621e+02    0.00000e+00

           Step           Time
         245000      245.00000

   Energies (kJ/mol)
           Bond          Angle    Proper Dih. Per. Imp. Dih.          LJ-14
    2.28791e+02    7.01935e+02    1.03274e+03    4.58435e+01    1.90431e+02
     Coulomb-14        LJ (SR)  Disper. corr.   Coulomb (SR)   Coul. recip.
    2.05553e+03    1.11745e+05   -3.56352e+03   -8.62580e+05    2.45154e+03
 Position Rest.      Potential    Kinetic En.   Total Energy  Conserved En.
    1.95594e+02   -7.47496e+05    1.34051e+05   -6.13446e+05   -6.09929e+05
    Temperature Pres. DC (bar) Pressure (bar)   Constr. rmsd
    3.02428e+02   -1.09814e+02   -4.39130e+01    0.00000e+00

           Step           Time
         250000      250.00000

   Energies (kJ/mol)
           Bond          Angle    Proper Dih. Per. Imp. Dih.          LJ-14
    2.44988e+02    7.23232e+02    1.11171e+03    4.81778e+01    1.76836e+02
     Coulomb-14        LJ (SR)  Disper. corr.   Coulomb (SR)   Coul. recip.
    1.96007e+03    1.10930e+05   -3.57335e+03   -8.63254e+05    2.47504e+03
 Position Rest.      Potential    Kinetic En.   Total Energy  Conserved En.
    2.02402e+02   -7.48955e+05    1.32961e+05   -6.15994e+05   -6.09869e+05
    Temperature Pres. DC (bar) Pressure (bar)   Constr. rmsd
    2.99969e+02   -1.10420e+02   -5.52522e+01    0.00000e+00

           Step           Time
         255000      255.00000

   Energies (kJ/mol)
           Bond          Angle    Proper Dih. Per. Imp. Dih.          LJ-14
    2.60155e+02    7.64043e+02    9.93180e+02    4.77018e+01    1.83100e+02
     Coulomb-14        LJ (SR)  Disper. corr.   Coulomb (SR)   Coul. recip.
    1.97319e+03    1.12648e+05   -3.56578e+03   -8.63346e+05    2.42838e+03
 Position Rest.      Potential    Kinetic En.   Total Energy  Conserved En.
    1.98323e+02   -7.47416e+05    1.31494e+05   -6.15922e+05   -6.09731e+05
    Temperature Pres. DC (bar) Pressure (bar)   Constr. rmsd
    2.96661e+02   -1.09953e+02    1.17275e+02    0.00000e+00

           Step           Time
         260000      260.00000

   Energies (kJ/mol)
           Bond          Angle    Proper Dih. Per. Imp. Dih.          LJ-14
    1.88791e+02    7.00428e+02    1.06528e+03    4.80010e+01    2.05344e+02
     Coulomb-14        LJ (SR)  Disper. corr.   Coulomb (SR)   Coul. recip.
    1.99559e+03    1.13301e+05   -3.59267e+03   -8.65536e+05    2.48958e+03
 Position Rest.      Potential    Kinetic En.   Total Energy  Conserved En.
    1.59814e+02   -7.48976e+05    1.32971e+05   -6.16005e+05   -6.09706e+05
    Temperature Pres. DC (bar) Pressure (bar)   Constr. rmsd
    2.99992e+02   -1.11616e+02    2.04439e+02    0.00000e+00

           Step           Time
         265000      265.00000

   Energies (kJ/mol)
           Bond          Angle    Proper Dih. Per. Imp. Dih.          LJ-14
    1.70130e+02    7.36054e+02    1.02413e+03    3.60758e+01    2.11308e+02
     Coulomb-14        LJ (SR)  Disper. corr.   Coulomb (SR)   Coul. recip.
    2.05762e+03    1.11601e+05   -3.54839e+03   -8.62347e+05    2.53704e+03
 Position Rest.      Potential    Kinetic En.   Total Energy  Conserved En.
    2.34105e+02   -7.47288e+05    1.33612e+05   -6.13676e+05   -6.09541e+05
    Temperature Pres. DC (bar) Pressure (bar)   Constr. rmsd
    3.01439e+02   -1.08884e+02    1.83091e+01    0.00000e+00

           Step           Time
         270000      270.00000

   Energies (kJ/mol)
           Bond          Angle    Proper Dih. Per. Imp. Dih.          LJ-14
    2.09272e+02    7.13927e+02    1.00731e+03    5.73348e+01    1.98647e+02
     Coulomb-14        LJ (SR)  Disper. corr.   Coulomb (SR)   Coul. recip.
    1.98893e+03    1.11436e+05   -3.55742e+03   -8.62553e+05    2.43732e+03
 Position Rest.      Potential    Kinetic En.   Total Energy  Conserved En.
    2.31353e+02   -7.47830e+05    1.31832e+05   -6.15999e+05   -6.09426e+05
    Temperature Pres. DC (bar) Pressure (bar)   Constr. rmsd
    2.97422e+02   -1.09438e+02   -1.09899e+02    0.00000e+00

           Step           Time
         275000      275.00000

   Energies (kJ/mol)
           Bond          Angle    Proper Dih. Per. Imp. Dih.          LJ-14
    2.50664e+02    6.72379e+02    1.05212e+03    6.02879e+01    1.75402e+02
     Coulomb-14        LJ (SR)  Disper. corr.   Coulomb (SR)   Coul. recip.
    2.03003e+03    1.11387e+05   -3.56290e+03   -8.63212e+05    2.45681e+03
 Position Rest.      Potential    Kinetic En.   Total Energy  Conserved En.
    2.17893e+02   -7.48472e+05    1.32500e+05   -6.15972e+05   -6.09327e+05
    Temperature Pres. DC (bar) Pressure (bar)   Constr. rmsd
    2.98931e+02   -1.09776e+02   -7.40494e+01    0.00000e+00

           Step           Time
         280000      280.00000

   Energies (kJ/mol)
           Bond          Angle    Proper Dih. Per. Imp. Dih.          LJ-14
    2.31541e+02    7.08393e+02    1.05762e+03    6.31331e+01    1.92553e+02
     Coulomb-14        LJ (SR)  Disper. corr.   Coulomb (SR)   Coul. recip.
    2.00034e+03    1.12363e+05   -3.56710e+03   -8.64636e+05    2.45055e+03
 Position Rest.      Potential    Kinetic En.   Total Energy  Conserved En.
    1.85510e+02   -7.48951e+05    1.32029e+05   -6.16922e+05   -6.09155e+05
    Temperature Pres. DC (bar) Pressure (bar)   Constr. rmsd
    2.97867e+02   -1.10034e+02   -2.54463e+01    0.00000e+00

           Step           Time
         285000      285.00000

   Energies (kJ/mol)
           Bond          Angle    Proper Dih. Per. Imp. Dih.          LJ-14
    2.41127e+02    7.07993e+02    1.09868e+03    3.28851e+01    2.03901e+02
     Coulomb-14        LJ (SR)  Disper. corr.   Coulomb (SR)   Coul. recip.
    2.02446e+03    1.13507e+05   -3.57545e+03   -8.65262e+05    2.47277e+03
 Position Rest.      Potential    Kinetic En.   Total Energy  Conserved En.
    1.92658e+02   -7.48356e+05    1.33298e+05   -6.15058e+05   -6.09117e+05
    Temperature Pres. DC (bar) Pressure (bar)   Constr. rmsd
    3.00730e+02   -1.10550e+02    1.43536e+02    0.00000e+00

           Step           Time
         290000      290.00000

   Energies (kJ/mol)
           Bond          Angle    Proper Dih. Per. Imp. Dih.          LJ-14
    2.35516e+02    6.87507e+02    1.07171e+03    6.05144e+01    1.80757e+02
     Coulomb-14        LJ (SR)  Disper. corr.   Coulomb (SR)   Coul. recip.
    2.01258e+03    1.12510e+05   -3.57096e+03   -8.64369e+05    2.49299e+03
 Position Rest.      Potential    Kinetic En.   Total Energy  Conserved En.
    2.16471e+02   -7.48473e+05    1.33482e+05   -6.14990e+05   -6.09113e+05
    Temperature Pres. DC (bar) Pressure (bar)   Constr. rmsd
    3.01146e+02   -1.10273e+02    2.63666e+01    0.00000e+00

           Step           Time
         295000      295.00000

   Energies (kJ/mol)
           Bond          Angle    Proper Dih. Per. Imp. Dih.          LJ-14
    2.46119e+02    7.33326e+02    1.03632e+03    2.88733e+01    1.80560e+02
     Coulomb-14        LJ (SR)  Disper. corr.   Coulomb (SR)   Coul. recip.
    1.94641e+03    1.13373e+05   -3.56343e+03   -8.64375e+05    2.54749e+03
 Position Rest.      Potential    Kinetic En.   Total Energy  Conserved En.
    2.24200e+02   -7.47622e+05    1.33664e+05   -6.13958e+05   -6.09070e+05
    Temperature Pres. DC (bar) Pressure (bar)   Constr. rmsd
    3.01555e+02   -1.09808e+02    1.59877e+02    0.00000e+00

           Step           Time
         300000      300.00000

   Energies (kJ/mol)
           Bond          Angle    Proper Dih. Per. Imp. Dih.          LJ-14
    2.49232e+02    7.47655e+02    1.00314e+03    4.93393e+01    1.91477e+02
     Coulomb-14        LJ (SR)  Disper. corr.   Coulomb (SR)   Coul. recip.
    1.95351e+03    1.12091e+05   -3.57592e+03   -8.64207e+05    2.51760e+03
 Position Rest.      Potential    Kinetic En.   Total Energy  Conserved En.
    1.98617e+02   -7.48781e+05    1.33597e+05   -6.15184e+05   -6.09037e+05
    Temperature Pres. DC (bar) Pressure (bar)   Constr. rmsd
    3.01405e+02   -1.10579e+02    1.10195e+01    0.00000e+00

           Step           Time
         305000      305.00000

   Energies (kJ/mol)
           Bond          Angle    Proper Dih. Per. Imp. Dih.          LJ-14
    2.37628e+02    7.27400e+02    1.05151e+03    5.90939e+01    1.83303e+02
     Coulomb-14        LJ (SR)  Disper. corr.   Coulomb (SR)   Coul. recip.
    1.95902e+03    1.10781e+05   -3.54779e+03   -8.62113e+05    2.41904e+03
 Position Rest.      Potential    Kinetic En.   Total Energy  Conserved En.
    1.85901e+02   -7.48057e+05    1.33774e+05   -6.14284e+05   -6.08973e+05
    Temperature Pres. DC (bar) Pressure (bar)   Constr. rmsd
    3.01803e+02   -1.08847e+02   -2.79044e+02    0.00000e+00

           Step           Time
         310000      310.00000

   Energies (kJ/mol)
           Bond          Angle    Proper Dih. Per. Imp. Dih.          LJ-14
    2.10771e+02    7.52662e+02    1.00334e+03    5.61417e+01    1.86907e+02
     Coulomb-14        LJ (SR)  Disper. corr.   Coulomb (SR)   Coul. recip.
    1.96226e+03    1.12795e+05   -3.58063e+03   -8.63564e+05    2.51171e+03
 Position Rest.      Potential    Kinetic En.   Total Energy  Conserved En.
    2.29044e+02   -7.47436e+05    1.33386e+05   -6.14050e+05   -6.08904e+05
    Temperature Pres. DC (bar) Pressure (bar)   Constr. rmsd
    3.00928e+02   -1.10870e+02    1.55648e+02    0.00000e+00

           Step           Time
         315000      315.00000

   Energies (kJ/mol)
           Bond          Angle    Proper Dih. Per. Imp. Dih.          LJ-14
    2.27756e+02    7.36835e+02    9.99892e+02    5.03784e+01    1.70656e+02
     Coulomb-14        LJ (SR)  Disper. corr.   Coulomb (SR)   Coul. recip.
    1.94786e+03    1.12609e+05   -3.57777e+03   -8.64879e+05    2.47333e+03
 Position Rest.      Potential    Kinetic En.   Total Energy  Conserved En.
    2.48200e+02   -7.48993e+05    1.33842e+05   -6.15151e+05   -6.08884e+05
    Temperature Pres. DC (bar) Pressure (bar)   Constr. rmsd
    3.01958e+02   -1.10693e+02    8.55626e+01    0.00000e+00

           Step           Time
         320000      320.00000

   Energies (kJ/mol)
           Bond          Angle    Proper Dih. Per. Imp. Dih.          LJ-14
    2.58497e+02    7.43451e+02    1.02245e+03    4.74028e+01    1.56974e+02
     Coulomb-14        LJ (SR)  Disper. corr.   Coulomb (SR)   Coul. recip.
    1.90569e+03    1.12150e+05   -3.55201e+03   -8.64465e+05    2.54494e+03
 Position Rest.      Potential    Kinetic En.   Total Energy  Conserved En.
    2.22160e+02   -7.48965e+05    1.33479e+05   -6.15486e+05   -6.08860e+05
    Temperature Pres. DC (bar) Pressure (bar)   Constr. rmsd
    3.01139e+02   -1.09106e+02   -1.40987e+02    0.00000e+00

           Step           Time
         325000      325.00000

   Energies (kJ/mol)
           Bond          Angle    Proper Dih. Per. Imp. Dih.          LJ-14
    2.23111e+02    7.36572e+02    9.98646e+02    5.15447e+01    1.91896e+02
     Coulomb-14        LJ (SR)  Disper. corr.   Coulomb (SR)   Coul. recip.
    1.95949e+03    1.12719e+05   -3.57932e+03   -8.64467e+05    2.47044e+03
 Position Rest.      Potential    Kinetic En.   Total Energy  Conserved En.
    2.58182e+02   -7.48437e+05    1.33446e+05   -6.14990e+05   -6.08785e+05
    Temperature Pres. DC (bar) Pressure (bar)   Constr. rmsd
    3.01065e+02   -1.10789e+02    1.13567e+02    0.00000e+00

           Step           Time
         330000      330.00000

   Energies (kJ/mol)
           Bond          Angle    Proper Dih. Per. Imp. Dih.          LJ-14
    2.54659e+02    8.04940e+02    9.97511e+02    5.90993e+01    1.64745e+02
     Coulomb-14        LJ (SR)  Disper. corr.   Coulomb (SR)   Coul. recip.
    1.92233e+03    1.12957e+05   -3.57835e+03   -8.63758e+05    2.54507e+03
 Position Rest.      Potential    Kinetic En.   Total Energy  Conserved En.
    2.28294e+02   -7.47403e+05    1.33093e+05   -6.14310e+05   -6.08640e+05
    Temperature Pres. DC (bar) Pressure (bar)   Constr. rmsd
    3.00268e+02   -1.10729e+02    2.08794e+02    0.00000e+00

           Step           Time
         335000      335.00000

   Energies (kJ/mol)
           Bond          Angle    Proper Dih. Per. Imp. Dih.          LJ-14
    2.35328e+02    6.86560e+02    1.01235e+03    4.96354e+01    1.74051e+02
     Coulomb-14        LJ (SR)  Disper. corr.   Coulomb (SR)   Coul. recip.
    1.99662e+03    1.11321e+05   -3.56405e+03   -8.63506e+05    2.46748e+03
 Position Rest.      Potential    Kinetic En.   Total Energy  Conserved En.
    2.10383e+02   -7.48918e+05    1.33244e+05   -6.15673e+05   -6.08485e+05
    Temperature Pres. DC (bar) Pressure (bar)   Constr. rmsd
    3.00609e+02   -1.09847e+02   -1.03029e+02    0.00000e+00

           Step           Time
         340000      340.00000

   Energies (kJ/mol)
           Bond          Angle    Proper Dih. Per. Imp. Dih.          LJ-14
    2.30185e+02    7.31617e+02    1.02491e+03    3.70135e+01    1.75886e+02
     Coulomb-14        LJ (SR)  Disper. corr.   Coulomb (SR)   Coul. recip.
    1.97362e+03    1.13214e+05   -3.60164e+03   -8.66414e+05    2.49615e+03
 Position Rest.      Potential    Kinetic En.   Total Energy  Conserved En.
    1.95873e+02   -7.49936e+05    1.32697e+05   -6.17239e+05   -6.08212e+05
    Temperature Pres. DC (bar) Pressure (bar)   Constr. rmsd
    2.99375e+02   -1.12174e+02    1.52280e+02    0.00000e+00

           Step           Time
         345000      345.00000

   Energies (kJ/mol)
           Bond          Angle    Proper Dih. Per. Imp. Dih.          LJ-14
    2.34958e+02    7.43828e+02    9.98165e+02    4.23023e+01    1.71936e+02
     Coulomb-14        LJ (SR)  Disper. corr.   Coulomb (SR)   Coul. recip.
    1.95884e+03    1.10549e+05   -3.57558e+03   -8.61757e+05    2.54327e+03
 Position Rest.      Potential    Kinetic En.   Total Energy  Conserved En.
    2.18134e+02   -7.47872e+05    1.33124e+05   -6.14748e+05   -6.08135e+05
    Temperature Pres. DC (bar) Pressure (bar)   Constr. rmsd
    3.00337e+02   -1.10558e+02   -8.38438e+01    0.00000e+00

           Step           Time
         350000      350.00000

   Energies (kJ/mol)
           Bond          Angle    Proper Dih. Per. Imp. Dih.          LJ-14
    2.53416e+02    7.34857e+02    1.01016e+03    5.24372e+01    1.96297e+02
     Coulomb-14        LJ (SR)  Disper. corr.   Coulomb (SR)   Coul. recip.
    1.92150e+03    1.10990e+05   -3.56546e+03   -8.61019e+05    2.52004e+03
 Position Rest.      Potential    Kinetic En.   Total Energy  Conserved En.
    2.23162e+02   -7.46682e+05    1.32356e+05   -6.14327e+05   -6.08102e+05
    Temperature Pres. DC (bar) Pressure (bar)   Constr. rmsd
    2.98604e+02   -1.09934e+02   -1.18812e+02    0.00000e+00

           Step           Time
         355000      355.00000

   Energies (kJ/mol)
           Bond          Angle    Proper Dih. Per. Imp. Dih.          LJ-14
    1.91424e+02    7.61204e+02    1.07123e+03    4.29196e+01    1.92783e+02
     Coulomb-14        LJ (SR)  Disper. corr.   Coulomb (SR)   Coul. recip.
    1.94095e+03    1.13534e+05   -3.59345e+03   -8.66573e+05    2.46265e+03
 Position Rest.      Potential    Kinetic En.   Total Energy  Conserved En.
    2.20086e+02   -7.49750e+05    1.32540e+05   -6.17209e+05   -6.08079e+05
    Temperature Pres. DC (bar) Pressure (bar)   Constr. rmsd
    2.99021e+02   -1.11665e+02    1.65264e+02    0.00000e+00

           Step           Time
         360000      360.00000

   Energies (kJ/mol)
           Bond          Angle    Proper Dih. Per. Imp. Dih.          LJ-14
    1.87784e+02    7.54687e+02    1.03824e+03    4.58300e+01    1.74566e+02
     Coulomb-14        LJ (SR)  Disper. corr.   Coulomb (SR)   Coul. recip.
    2.00071e+03    1.12020e+05   -3.58206e+03   -8.65944e+05    2.47504e+03
 Position Rest.      Potential    Kinetic En.   Total Energy  Conserved En.
    2.37378e+02   -7.50591e+05    1.34055e+05   -6.16536e+05   -6.08035e+05
    Temperature Pres. DC (bar) Pressure (bar)   Constr. rmsd
    3.02438e+02   -1.10959e+02   -1.03250e+02    0.00000e+00

           Step           Time
         365000      365.00000

   Energies (kJ/mol)
           Bond          Angle    Proper Dih. Per. Imp. Dih.          LJ-14
    2.16480e+02    7.27406e+02    9.94893e+02    4.60407e+01    1.84546e+02
     Coulomb-14        LJ (SR)  Disper. corr.   Coulomb (SR)   Coul. recip.
    1.96371e+03    1.12690e+05   -3.58435e+03   -8.64022e+05    2.50254e+03
 Position Rest.      Potential    Kinetic En.   Total Energy  Conserved En.
    2.09508e+02   -7.48071e+05    1.33239e+05   -6.14833e+05   -6.07933e+05
    Temperature Pres. DC (bar) Pressure (bar)   Constr. rmsd
    3.00596e+02   -1.11100e+02    1.26773e+02    0.00000e+00

           Step           Time
         370000      370.00000

   Energies (kJ/mol)
           Bond          Angle    Proper Dih. Per. Imp. Dih.          LJ-14
    2.00366e+02    7.38487e+02    1.05425e+03    4.78326e+01    1.92152e+02
     Coulomb-14        LJ (SR)  Disper. corr.   Coulomb (SR)   Coul. recip.
    1.96340e+03    1.11732e+05   -3.57255e+03   -8.62077e+05    2.48840e+03
 Position Rest.      Potential    Kinetic En.   Total Energy  Conserved En.
    2.26331e+02   -7.47006e+05    1.31973e+05   -6.15033e+05   -6.07819e+05
    Temperature Pres. DC (bar) Pressure (bar)   Constr. rmsd
    2.97740e+02   -1.10371e+02    5.20781e+01    0.00000e+00

           Step           Time
         375000      375.00000

   Energies (kJ/mol)
           Bond          Angle    Proper Dih. Per. Imp. Dih.          LJ-14
    2.21190e+02    7.08837e+02    1.03886e+03    5.30452e+01    1.93141e+02
     Coulomb-14        LJ (SR)  Disper. corr.   Coulomb (SR)   Coul. recip.
    1.96386e+03    1.10874e+05   -3.57163e+03   -8.62928e+05    2.55406e+03
 Position Rest.      Potential    Kinetic En.   Total Energy  Conserved En.
    2.04056e+02   -7.48689e+05    1.32051e+05   -6.16638e+05   -6.07722e+05
    Temperature Pres. DC (bar) Pressure (bar)   Constr. rmsd
    2.97917e+02   -1.10314e+02   -8.66714e+01    0.00000e+00

           Step           Time
         380000      380.00000

   Energies (kJ/mol)
           Bond          Angle    Proper Dih. Per. Imp. Dih.          LJ-14
    2.39910e+02    7.75254e+02    1.01416e+03    4.07983e+01    2.06804e+02
     Coulomb-14        LJ (SR)  Disper. corr.   Coulomb (SR)   Coul. recip.
    1.97810e+03    1.12743e+05   -3.56037e+03   -8.63428e+05    2.51314e+03
 Position Rest.      Potential    Kinetic En.   Total Energy  Conserved En.
    1.90185e+02   -7.47288e+05    1.33243e+05   -6.14045e+05   -6.07705e+05
    Temperature Pres. DC (bar) Pressure (bar)   Constr. rmsd
    3.00605e+02   -1.09620e+02    9.00406e+01    0.00000e+00

           Step           Time
         385000      385.00000

   Energies (kJ/mol)
           Bond          Angle    Proper Dih. Per. Imp. Dih.          LJ-14
    2.23442e+02    7.26240e+02    1.02185e+03    5.55661e+01    1.77091e+02
     Coulomb-14        LJ (SR)  Disper. corr.   Coulomb (SR)   Coul. recip.
    1.96861e+03    1.11877e+05   -3.56591e+03   -8.64421e+05    2.38642e+03
 Position Rest.      Potential    Kinetic En.   Total Energy  Conserved En.
    2.02744e+02   -7.49348e+05    1.33112e+05   -6.16236e+05   -6.07599e+05
    Temperature Pres. DC (bar) Pressure (bar)   Constr. rmsd
    3.00310e+02   -1.09961e+02   -8.06215e+01    0.00000e+00

           Step           Time
         390000      390.00000

   Energies (kJ/mol)
           Bond          Angle    Proper Dih. Per. Imp. Dih.          LJ-14
    1.76689e+02    7.55419e+02    1.08510e+03    5.20748e+01    1.84971e+02
     Coulomb-14        LJ (SR)  Disper. corr.   Coulomb (SR)   Coul. recip.
    1.95360e+03    1.11783e+05   -3.56722e+03   -8.62034e+05    2.49114e+03
 Position Rest.      Potential    Kinetic En.   Total Energy  Conserved En.
    2.17762e+02   -7.46902e+05    1.32351e+05   -6.14550e+05   -6.07517e+05
    Temperature Pres. DC (bar) Pressure (bar)   Constr. rmsd
    2.98594e+02   -1.10042e+02   -1.80460e+01    0.00000e+00

           Step           Time
         395000      395.00000

   Energies (kJ/mol)
           Bond          Angle    Proper Dih. Per. Imp. Dih.          LJ-14
    2.11552e+02    7.01390e+02    1.04523e+03    5.05008e+01    2.20971e+02
     Coulomb-14        LJ (SR)  Disper. corr.   Coulomb (SR)   Coul. recip.
    1.96469e+03    1.11229e+05   -3.55808e+03   -8.61864e+05    2.56055e+03
 Position Rest.      Potential    Kinetic En.   Total Energy  Conserved En.
    2.29057e+02   -7.47209e+05    1.33030e+05   -6.14178e+05   -6.07484e+05
    Temperature Pres. DC (bar) Pressure (bar)   Constr. rmsd
    3.00126e+02   -1.09479e+02   -1.91153e+02    0.00000e+00

           Step           Time
         400000      400.00000

   Energies (kJ/mol)
           Bond          Angle    Proper Dih. Per. Imp. Dih.          LJ-14
    2.28590e+02    6.93944e+02    1.12499e+03    4.93871e+01    1.84885e+02
     Coulomb-14        LJ (SR)  Disper. corr.   Coulomb (SR)   Coul. recip.
    1.98862e+03    1.12000e+05   -3.57304e+03   -8.64317e+05    2.54504e+03
 Position Rest.      Potential    Kinetic En.   Total Energy  Conserved En.
    1.59327e+02   -7.48916e+05    1.32554e+05   -6.16361e+05   -6.07380e+05
    Temperature Pres. DC (bar) Pressure (bar)   Constr. rmsd
    2.99052e+02   -1.10401e+02   -2.91239e+01    0.00000e+00

           Step           Time
         405000      405.00000

   Energies (kJ/mol)
           Bond          Angle    Proper Dih. Per. Imp. Dih.          LJ-14
    1.76044e+02    6.92983e+02    1.04983e+03    3.94984e+01    1.89425e+02
     Coulomb-14        LJ (SR)  Disper. corr.   Coulomb (SR)   Coul. recip.
    1.98794e+03    1.13080e+05   -3.56883e+03   -8.65425e+05    2.52261e+03
 Position Rest.      Potential    Kinetic En.   Total Energy  Conserved En.
    2.39403e+02   -7.49016e+05    1.32941e+05   -6.16075e+05   -6.07138e+05
    Temperature Pres. DC (bar) Pressure (bar)   Constr. rmsd
    2.99924e+02   -1.10141e+02    1.65993e+02    0.00000e+00

           Step           Time
         410000      410.00000

   Energies (kJ/mol)
           Bond          Angle    Proper Dih. Per. Imp. Dih.          LJ-14
    2.79866e+02    6.59975e+02    1.08088e+03    7.05572e+01    1.70369e+02
     Coulomb-14        LJ (SR)  Disper. corr.   Coulomb (SR)   Coul. recip.
    1.94882e+03    1.13157e+05   -3.58151e+03   -8.63753e+05    2.52253e+03
 Position Rest.      Potential    Kinetic En.   Total Energy  Conserved En.
    1.60214e+02   -7.47285e+05    1.32373e+05   -6.14912e+05   -6.07053e+05
    Temperature Pres. DC (bar) Pressure (bar)   Constr. rmsd
    2.98643e+02   -1.10925e+02    2.09090e+02    0.00000e+00

           Step           Time
         415000      415.00000

   Energies (kJ/mol)
           Bond          Angle    Proper Dih. Per. Imp. Dih.          LJ-14
    1.92879e+02    7.08041e+02    1.07141e+03    4.70682e+01    1.83397e+02
     Coulomb-14        LJ (SR)  Disper. corr.   Coulomb (SR)   Coul. recip.
    2.07513e+03    1.11684e+05   -3.58713e+03   -8.64762e+05    2.45261e+03
 Position Rest.      Potential    Kinetic En.   Total Energy  Conserved En.
    1.60813e+02   -7.49774e+05    1.31933e+05   -6.17841e+05   -6.06999e+05
    Temperature Pres. DC (bar) Pressure (bar)   Constr. rmsd
    2.97651e+02   -1.11273e+02   -7.54136e+01    0.00000e+00

           Step           Time
         420000      420.00000

   Energies (kJ/mol)
           Bond          Angle    Proper Dih. Per. Imp. Dih.          LJ-14
    2.26776e+02    6.68283e+02    1.06874e+03    3.18300e+01    1.95402e+02
     Coulomb-14        LJ (SR)  Disper. corr.   Coulomb (SR)   Coul. recip.
    2.04740e+03    1.12144e+05   -3.56542e+03   -8.64066e+05    2.57780e+03
 Position Rest.      Potential    Kinetic En.   Total Energy  Conserved En.
    1.82463e+02   -7.48488e+05    1.32626e+05   -6.15862e+05   -6.06964e+05
    Temperature Pres. DC (bar) Pressure (bar)   Constr. rmsd
    2.99214e+02   -1.09931e+02    1.83687e+00    0.00000e+00

           Step           Time
         425000      425.00000

   Energies (kJ/mol)
           Bond          Angle    Proper Dih. Per. Imp. Dih.          LJ-14
    2.09887e+02    7.69865e+02    1.03434e+03    5.00893e+01    2.05562e+02
     Coulomb-14        LJ (SR)  Disper. corr.   Coulomb (SR)   Coul. recip.
    2.05035e+03    1.11369e+05   -3.54803e+03   -8.60832e+05    2.48848e+03
 Position Rest.      Potential    Kinetic En.   Total Energy  Conserved En.
    2.21465e+02   -7.45981e+05    1.33224e+05   -6.12757e+05   -6.06950e+05
    Temperature Pres. DC (bar) Pressure (bar)   Constr. rmsd
    3.00564e+02   -1.08862e+02   -4.42002e+00    0.00000e+00

           Step           Time
         430000      430.00000

   Energies (kJ/mol)
           Bond          Angle    Proper Dih. Per. Imp. Dih.          LJ-14
    2.23608e+02    7.49356e+02    1.03237e+03    4.19691e+01    1.92072e+02
     Coulomb-14        LJ (SR)  Disper. corr.   Coulomb (SR)   Coul. recip.
    1.99484e+03    1.11310e+05   -3.55965e+03   -8.62022e+05    2.46225e+03
 Position Rest.      Potential    Kinetic En.   Total Energy  Conserved En.
    2.09729e+02   -7.47365e+05    1.32432e+05   -6.14933e+05   -6.06913e+05
    Temperature Pres. DC (bar) Pressure (bar)   Constr. rmsd
    2.98775e+02   -1.09575e+02   -1.19135e+02    0.00000e+00

           Step           Time
         435000      435.00000

   Energies (kJ/mol)
           Bond          Angle    Proper Dih. Per. Imp. Dih.          LJ-14
    2.00911e+02    6.74849e+02    1.04278e+03    6.09883e+01    1.77132e+02
     Coulomb-14        LJ (SR)  Disper. corr.   Coulomb (SR)   Coul. recip.
    2.06186e+03    1.11013e+05   -3.55116e+03   -8.63185e+05    2.53625e+03
 Position Rest.      Potential    Kinetic En.   Total Energy  Conserved En.
    1.95660e+02   -7.48772e+05    1.32353e+05   -6.16419e+05   -6.06764e+05
    Temperature Pres. DC (bar) Pressure (bar)   Constr. rmsd
    2.98598e+02   -1.09054e+02   -2.14170e+02    0.00000e+00

           Step           Time
         440000      440.00000

   Energies (kJ/mol)
           Bond          Angle    Proper Dih. Per. Imp. Dih.          LJ-14
    1.96035e+02    6.92880e+02    1.09880e+03    5.89958e+01    1.68261e+02
     Coulomb-14        LJ (SR)  Disper. corr.   Coulomb (SR)   Coul. recip.
    1.98772e+03    1.13018e+05   -3.57570e+03   -8.63809e+05    2.47963e+03
 Position Rest.      Potential    Kinetic En.   Total Energy  Conserved En.
    2.22207e+02   -7.47462e+05    1.32522e+05   -6.14940e+05   -6.06745e+05
    Temperature Pres. DC (bar) Pressure (bar)   Constr. rmsd
    2.98979e+02   -1.10565e+02    1.73756e+02    0.00000e+00

           Step           Time
         445000      445.00000

   Energies (kJ/mol)
           Bond          Angle    Proper Dih. Per. Imp. Dih.          LJ-14
    2.62060e+02    7.18060e+02    1.00505e+03    3.22583e+01    1.95556e+02
     Coulomb-14        LJ (SR)  Disper. corr.   Coulomb (SR)   Coul. recip.
    1.97174e+03    1.12445e+05   -3.56117e+03   -8.63269e+05    2.53077e+03
 Position Rest.      Potential    Kinetic En.   Total Energy  Conserved En.
    1.87405e+02   -7.47483e+05    1.32202e+05   -6.15281e+05   -6.06680e+05
    Temperature Pres. DC (bar) Pressure (bar)   Constr. rmsd
    2.98257e+02   -1.09669e+02   -1.83259e+00    0.00000e+00

           Step           Time
         450000      450.00000

   Energies (kJ/mol)
           Bond          Angle    Proper Dih. Per. Imp. Dih.          LJ-14
    1.93664e+02    7.49284e+02    1.03086e+03    4.42055e+01    1.86095e+02
     Coulomb-14        LJ (SR)  Disper. corr.   Coulomb (SR)   Coul. recip.
    2.03373e+03    1.11279e+05   -3.55347e+03   -8.62793e+05    2.58670e+03
 Position Rest.      Potential    Kinetic En.   Total Energy  Conserved En.
    2.09943e+02   -7.48033e+05    1.32782e+05   -6.15251e+05   -6.06660e+05
    Temperature Pres. DC (bar) Pressure (bar)   Constr. rmsd
    2.99567e+02   -1.09195e+02   -1.21833e+02    0.00000e+00

           Step           Time
         455000      455.00000

   Energies (kJ/mol)
           Bond          Angle    Proper Dih. Per. Imp. Dih.          LJ-14
    1.78896e+02    6.99171e+02    1.04558e+03    6.10140e+01    2.04299e+02
     Coulomb-14        LJ (SR)  Disper. corr.   Coulomb (SR)   Coul. recip.
    2.01807e+03    1.11602e+05   -3.56669e+03   -8.63599e+05    2.51161e+03
 Position Rest.      Potential    Kinetic En.   Total Energy  Conserved En.
    1.70550e+02   -7.48675e+05    1.32881e+05   -6.15794e+05   -6.06590e+05
    Temperature Pres. DC (bar) Pressure (bar)   Constr. rmsd
    2.99788e+02   -1.10009e+02   -9.31378e+01    0.00000e+00

           Step           Time
         460000      460.00000

   Energies (kJ/mol)
           Bond          Angle    Proper Dih. Per. Imp. Dih.          LJ-14
    2.54703e+02    7.22647e+02    1.06804e+03    4.75322e+01    1.71710e+02
     Coulomb-14        LJ (SR)  Disper. corr.   Coulomb (SR)   Coul. recip.
    2.02416e+03    1.11758e+05   -3.56516e+03   -8.63377e+05    2.41745e+03
 Position Rest.      Potential    Kinetic En.   Total Energy  Conserved En.
    2.10812e+02   -7.48267e+05    1.33252e+05   -6.15014e+05   -6.06593e+05
    Temperature Pres. DC (bar) Pressure (bar)   Constr. rmsd
    3.00627e+02   -1.09915e+02   -3.09739e+01    0.00000e+00

           Step           Time
         465000      465.00000

   Energies (kJ/mol)
           Bond          Angle    Proper Dih. Per. Imp. Dih.          LJ-14
    2.73549e+02    7.67370e+02    1.00988e+03    4.76144e+01    1.74779e+02
     Coulomb-14        LJ (SR)  Disper. corr.   Coulomb (SR)   Coul. recip.
    1.96021e+03    1.12841e+05   -3.56776e+03   -8.64032e+05    2.45552e+03
 Position Rest.      Potential    Kinetic En.   Total Energy  Conserved En.
    1.93607e+02   -7.47876e+05    1.33452e+05   -6.14425e+05   -6.06556e+05
    Temperature Pres. DC (bar) Pressure (bar)   Constr. rmsd
    3.01076e+02   -1.10075e+02    3.03809e+01    0.00000e+00

           Step           Time
         470000      470.00000

   Energies (kJ/mol)
           Bond          Angle    Proper Dih. Per. Imp. Dih.          LJ-14
    2.60352e+02    6.82221e+02    1.08680e+03    4.30299e+01    1.87604e+02
     Coulomb-14        LJ (SR)  Disper. corr.   Coulomb (SR)   Coul. recip.
    2.00823e+03    1.11879e+05   -3.57665e+03   -8.62915e+05    2.46467e+03
 Position Rest.      Potential    Kinetic En.   Total Energy  Conserved En.
    1.86617e+02   -7.47694e+05    1.31785e+05   -6.15909e+05   -6.06465e+05
    Temperature Pres. DC (bar) Pressure (bar)   Constr. rmsd
    2.97316e+02   -1.10624e+02    2.37962e+01    0.00000e+00

           Step           Time
         475000      475.00000

   Energies (kJ/mol)
           Bond          Angle    Proper Dih. Per. Imp. Dih.          LJ-14
    2.19157e+02    6.98198e+02    1.07439e+03    5.46422e+01    1.89634e+02
     Coulomb-14        LJ (SR)  Disper. corr.   Coulomb (SR)   Coul. recip.
    2.01097e+03    1.12475e+05   -3.57445e+03   -8.64165e+05    2.52770e+03
 Position Rest.      Potential    Kinetic En.   Total Energy  Conserved En.
    1.98774e+02   -7.48292e+05    1.32583e+05   -6.15709e+05   -6.06423e+05
    Temperature Pres. DC (bar) Pressure (bar)   Constr. rmsd
    2.99117e+02   -1.10488e+02    8.18014e+01    0.00000e+00

           Step           Time
         480000      480.00000

   Energies (kJ/mol)
           Bond          Angle    Proper Dih. Per. Imp. Dih.          LJ-14
    2.44462e+02    6.78968e+02    1.06733e+03    4.26071e+01    1.73855e+02
     Coulomb-14        LJ (SR)  Disper. corr.   Coulomb (SR)   Coul. recip.
    1.98985e+03    1.12570e+05   -3.56550e+03   -8.64434e+05    2.47964e+03
 Position Rest.      Potential    Kinetic En.   Total Energy  Conserved En.
    2.02155e+02   -7.48551e+05    1.33105e+05   -6.15446e+05   -6.06399e+05
    Temperature Pres. DC (bar) Pressure (bar)   Constr. rmsd
    3.00294e+02   -1.09936e+02   -9.55305e+00    0.00000e+00

           Step           Time
         485000      485.00000

   Energies (kJ/mol)
           Bond          Angle    Proper Dih. Per. Imp. Dih.          LJ-14
    1.94488e+02    6.83167e+02    1.12384e+03    5.07591e+01    1.89811e+02
     Coulomb-14        LJ (SR)  Disper. corr.   Coulomb (SR)   Coul. recip.
    2.06715e+03    1.11077e+05   -3.57606e+03   -8.63774e+05    2.48451e+03
 Position Rest.      Potential    Kinetic En.   Total Energy  Conserved En.
    1.96948e+02   -7.49283e+05    1.32964e+05   -6.16319e+05   -6.06293e+05
    Temperature Pres. DC (bar) Pressure (bar)   Constr. rmsd
    2.99977e+02   -1.10588e+02   -2.13028e+02    0.00000e+00

           Step           Time
         490000      490.00000

   Energies (kJ/mol)
           Bond          Angle    Proper Dih. Per. Imp. Dih.          LJ-14
    2.44985e+02    7.15680e+02    1.05030e+03    4.88194e+01    1.97211e+02
     Coulomb-14        LJ (SR)  Disper. corr.   Coulomb (SR)   Coul. recip.
    1.97971e+03    1.12613e+05   -3.56710e+03   -8.64746e+05    2.45377e+03
 Position Rest.      Potential    Kinetic En.   Total Energy  Conserved En.
    1.74829e+02   -7.48835e+05    1.33326e+05   -6.15508e+05   -6.06235e+05
    Temperature Pres. DC (bar) Pressure (bar)   Constr. rmsd
    3.00794e+02   -1.10035e+02   -1.55922e+01    0.00000e+00

           Step           Time
         495000      495.00000

   Energies (kJ/mol)
           Bond          Angle    Proper Dih. Per. Imp. Dih.          LJ-14
    2.41527e+02    7.14651e+02    1.04639e+03    7.71773e+01    1.96943e+02
     Coulomb-14        LJ (SR)  Disper. corr.   Coulomb (SR)   Coul. recip.
    2.00831e+03    1.11472e+05   -3.57099e+03   -8.63767e+05    2.52387e+03
 Position Rest.      Potential    Kinetic En.   Total Energy  Conserved En.
    2.07198e+02   -7.48850e+05    1.33636e+05   -6.15214e+05   -6.06212e+05
    Temperature Pres. DC (bar) Pressure (bar)   Constr. rmsd
    3.01491e+02   -1.10274e+02   -5.77733e+01    0.00000e+00

           Step           Time
         500000      500.00000

Writing checkpoint, step 500000 at Wed Apr  9 17:10:46 2025


   Energies (kJ/mol)
           Bond          Angle    Proper Dih. Per. Imp. Dih.          LJ-14
    2.17064e+02    8.02982e+02    1.05392e+03    5.08580e+01    1.66699e+02
     Coulomb-14        LJ (SR)  Disper. corr.   Coulomb (SR)   Coul. recip.
    1.96711e+03    1.12496e+05   -3.57992e+03   -8.63854e+05    2.46360e+03
 Position Rest.      Potential    Kinetic En.   Total Energy  Conserved En.
    2.07244e+02   -7.48009e+05    1.32333e+05   -6.15676e+05   -6.06153e+05
    Temperature Pres. DC (bar) Pressure (bar)   Constr. rmsd
    2.98552e+02   -1.10826e+02    1.64096e+02    0.00000e+00


Energy conservation over simulation part #1 of length 500 ps, time 0 to 500 ps
  Conserved energy drift: 2.47e-04 kJ/mol/ps per atom


	<======  ###############  ==>
	<====  A V E R A G E S  ====>
	<==  ###############  ======>

	Statistics over 500001 steps using 5001 frames

   Energies (kJ/mol)
           Bond          Angle    Proper Dih. Per. Imp. Dih.          LJ-14
    2.17961e+02    7.24912e+02    1.05187e+03    4.78526e+01    1.88307e+02
     Coulomb-14        LJ (SR)  Disper. corr.   Coulomb (SR)   Coul. recip.
    2.00697e+03    1.11998e+05   -3.56916e+03   -8.63485e+05    2.50021e+03
 Position Rest.      Potential    Kinetic En.   Total Energy  Conserved En.
    2.01384e+02   -7.48117e+05    1.32970e+05   -6.15147e+05   -6.09483e+05
    Temperature Pres. DC (bar) Pressure (bar)   Constr. rmsd
    2.99990e+02   -1.10163e+02    1.14488e+00    0.00000e+00

          Box-X          Box-Y          Box-Z
    8.13512e+00    8.13512e+00    8.13512e+00

   Total Virial (kJ/mol)
    4.42929e+04    1.33765e+02   -2.39208e+02
    1.33763e+02    4.43141e+04   -1.08531e+02
   -2.39209e+02   -1.08527e+02    4.43186e+04

   Pressure (bar)
    1.89252e+00   -8.41838e+00    1.44556e+01
   -8.41831e+00    7.12645e-01    6.27925e+00
    1.44557e+01    6.27903e+00    8.29476e-01

T-Protein_Ligand      T-SOL_Ion
    2.99765e+02    2.99991e+02


	M E G A - F L O P S   A C C O U N T I N G

 NB=Group-cutoff nonbonded kernels    NxN=N-by-N cluster Verlet kernels
 RF=Reaction-Field  VdW=Van der Waals  QSTab=quadratic-spline table
 W3=SPC/TIP3p  W4=TIP4p (single or pairs)
 V&F=Potential and force  V=Potential only  F=Force only

 Computing:                               M-Number         M-Flops  % Flops
-----------------------------------------------------------------------------
 Pair Search distance check           32067.321328      288605.892     0.0
 NxN Ewald Elec. + LJ [F]          31573855.501056  2083874463.070    98.4
 NxN Ewald Elec. + LJ [V&F]          318991.692096    34132111.054     1.6
 Shift-X                                266.053200        1596.319     0.0
 Pos. Restr.                             62.000124        3100.006     0.0
 Virial                                 266.278245        4793.008     0.0
 Stop-CM                                266.053200        2660.532     0.0
 Calc-Ekin                             2660.106400       71822.873     0.0
-----------------------------------------------------------------------------
 Total                                              2118379152.755   100.0
-----------------------------------------------------------------------------


      R E A L   C Y C L E   A N D   T I M E   A C C O U N T I N G

On 1 MPI rank, each using 10 OpenMP threads

 Activity:              Num   Num      Call    Wall time         Giga-Cycles
                        Ranks Threads  Count      (s)         total sum    %
--------------------------------------------------------------------------------
 Neighbor search           1   10       5001      15.367        430.315   3.4
 Launch PP GPU ops.        1   10     995001      46.898       1313.283  10.5
 Force                     1   10     500001      24.255        679.214   5.4
 PME GPU mesh              1   10     500001      47.188       1321.403  10.6
 Wait Bonded GPU           1   10       5001       0.155          4.351   0.0
 Wait GPU NB local         1   10     500001       5.974        167.296   1.3
 Wait GPU state copy       1   10     570003     296.557       8304.451  66.5
 NB X/F buffer ops.        1   10       5001       0.198          5.557   0.0
 Write traj.               1   10        101       0.633         17.734   0.1
 Rest                                              8.673        242.857   1.9
--------------------------------------------------------------------------------
 Total                                           445.900      12486.462 100.0
--------------------------------------------------------------------------------
 Breakdown of PME mesh activities
--------------------------------------------------------------------------------
 Wait PME GPU gather       1   10     500001       1.463         40.968   0.3
 Reduce GPU PME F          1   10     500001       0.225          6.294   0.1
 Launch PME GPU ops.       1   10    4500009      44.560       1247.809  10.0
--------------------------------------------------------------------------------

               Core t (s)   Wall t (s)        (%)
       Time:     4458.972      445.900     1000.0
                 (ns/day)    (hour/ns)
Performance:       96.883        0.248
Finished mdrun on rank 0 Wed Apr  9 17:10:46 2025

